
=== austin (through 2024-06-03) ===
Skipping austin t1: already built (1187 rows)
Skipping austin t2: already built (1187 rows)
Building austin t3: 2021-01-01 to 2024-06-03
austin 2020-11-17 to 2020-12-01: retrieved 57 products
austin 2020-12-01 to 2021-01-01: retrieved 126 products
austin 2021-01-01 to 2021-02-01: retrieved 126 products
austin 2021-02-01 to 2021-03-01: retrieved 115 products
austin 2021-03-01 to 2021-04-01: retrieved 124 products
austin 2021-04-01 to 2021-05-01: retrieved 120 products
austin 2021-05-01 to 2021-06-01: retrieved 122 products
austin 2021-06-01 to 2021-07-01: retrieved 121 products
austin 2021-07-01 to 2021-08-01: retrieved 125 products
austin 2021-08-01 to 2021-09-01: retrieved 125 products
austin 2021-09-01 to 2021-10-01: retrieved 122 products
austin 2021-10-01 to 2021-11-01: retrieved 125 products
austin 2021-11-01 to 2021-12-01: retrieved 120 products
austin 2021-12-01 to 2022-01-01: retrieved 124 products
austin 2022-01-01 to 2022-02-01: retrieved 125 products
austin 2022-02-01 to 2022-03-01: retrieved 111 products
austin 2022-03-01 to 2022-04-01: retrieved 122 products
austin 2022-04-01 to 2022-05-01: retrieved 120 products
austin 2022-05-01 to 2022-06-01: retrieved 126 products
austin 2022-06-01 to 2022-07-01: retrieved 120 products
austin 2022-07-01 to 2022-08-01: retrieved 125 products
austin 2022-08-01 to 2022-09-01: retrieved 125 products
austin 2022-09-01 to 2022-10-01: retrieved 121 products
austin 2022-10-01 to 2022-11-01: retrieved 124 products
austin 2022-11-01 to 2022-12-01: retrieved 120 products
austin 2022-12-01 to 2023-01-01: retrieved 123 products
austin 2023-01-01 to 2023-02-01: retrieved 125 products
austin 2023-02-01 to 2023-03-01: retrieved 110 products
austin 2023-03-01 to 2023-04-01: retrieved 125 products
austin 2023-04-01 to 2023-05-01: retrieved 119 products
austin 2023-05-01 to 2023-06-01: retrieved 124 products
austin 2023-06-01 to 2023-07-01: retrieved 122 products
austin 2023-07-01 to 2023-08-01: retrieved 124 products
austin 2023-08-01 to 2023-09-01: retrieved 126 products
austin 2023-09-01 to 2023-10-01: retrieved 120 products
austin 2023-10-01 to 2023-11-01: retrieved 125 products
austin 2023-11-01 to 2023-12-01: retrieved 120 products
austin 2023-12-01 to 2024-01-01: retrieved 124 products
austin 2024-01-01 to 2024-02-01: retrieved 125 products
austin 2024-02-01 to 2024-03-01: retrieved 115 products
austin 2024-03-01 to 2024-04-01: retrieved 124 products
austin 2024-04-01 to 2024-05-01: retrieved 120 products
austin 2024-05-01 to 2024-06-01: retrieved 126 products
austin 2024-06-01 to 2024-06-04: retrieved 12 products
HF raw sync skipped for austin CLI data (TRACKJ_SKIP_HF_SYNC=1)
ASOS austin 2020-11: cached /Users/oscaro/Desktop/MCP_Project/data/trackj/raw/austin/kaus_asos_202011.csv
ASOS austin 2020-12: cached /Users/oscaro/Desktop/MCP_Project/data/trackj/raw/austin/kaus_asos_202012.csv
ASOS austin 2021-01: cached /Users/oscaro/Desktop/MCP_Project/data/trackj/raw/austin/kaus_asos_202101.csv
ASOS austin 2021-02: cached /Users/oscaro/Desktop/MCP_Project/data/trackj/raw/austin/kaus_asos_202102.csv
ASOS austin 2021-03: cached /Users/oscaro/Desktop/MCP_Project/data/trackj/raw/austin/kaus_asos_202103.csv
ASOS austin 2021-04: cached /Users/oscaro/Desktop/MCP_Project/data/trackj/raw/austin/kaus_asos_202104.csv
ASOS austin 2021-05: cached /Users/oscaro/Desktop/MCP_Project/data/trackj/raw/austin/kaus_asos_202105.csv
ASOS austin 2021-06: cached /Users/oscaro/Desktop/MCP_Project/data/trackj/raw/austin/kaus_asos_202106.csv
ASOS austin 2021-07: cached /Users/oscaro/Desktop/MCP_Project/data/trackj/raw/austin/kaus_asos_202107.csv
ASOS austin 2021-08: cached /Users/oscaro/Desktop/MCP_Project/data/trackj/raw/austin/kaus_asos_202108.csv
ASOS austin 2021-09: cached /Users/oscaro/Desktop/MCP_Project/data/trackj/raw/austin/kaus_asos_202109.csv
ASOS austin 2021-10: cached /Users/oscaro/Desktop/MCP_Project/data/trackj/raw/austin/kaus_asos_202110.csv
ASOS austin 2021-11: cached /Users/oscaro/Desktop/MCP_Project/data/trackj/raw/austin/kaus_asos_202111.csv
ASOS austin 2021-12: cached /Users/oscaro/Desktop/MCP_Project/data/trackj/raw/austin/kaus_asos_202112.csv
ASOS austin 2022-01: cached /Users/oscaro/Desktop/MCP_Project/data/trackj/raw/austin/kaus_asos_202201.csv
ASOS austin 2022-02: cached /Users/oscaro/Desktop/MCP_Project/data/trackj/raw/austin/kaus_asos_202202.csv
ASOS austin 2022-03: cached /Users/oscaro/Desktop/MCP_Project/data/trackj/raw/austin/kaus_asos_202203.csv
ASOS austin 2022-04: cached /Users/oscaro/Desktop/MCP_Project/data/trackj/raw/austin/kaus_asos_202204.csv
ASOS austin 2022-05: cached /Users/oscaro/Desktop/MCP_Project/data/trackj/raw/austin/kaus_asos_202205.csv
ASOS austin 2022-06: cached /Users/oscaro/Desktop/MCP_Project/data/trackj/raw/austin/kaus_asos_202206.csv
ASOS austin 2022-07: cached /Users/oscaro/Desktop/MCP_Project/data/trackj/raw/austin/kaus_asos_202207.csv
ASOS austin 2022-08: cached /Users/oscaro/Desktop/MCP_Project/data/trackj/raw/austin/kaus_asos_202208.csv
ASOS austin 2022-09: cached /Users/oscaro/Desktop/MCP_Project/data/trackj/raw/austin/kaus_asos_202209.csv
ASOS austin 2022-10: cached /Users/oscaro/Desktop/MCP_Project/data/trackj/raw/austin/kaus_asos_202210.csv
ASOS austin 2022-11: cached /Users/oscaro/Desktop/MCP_Project/data/trackj/raw/austin/kaus_asos_202211.csv
ASOS austin 2022-12: cached /Users/oscaro/Desktop/MCP_Project/data/trackj/raw/austin/kaus_asos_202212.csv
ASOS austin 2023-01: cached /Users/oscaro/Desktop/MCP_Project/data/trackj/raw/austin/kaus_asos_202301.csv
ASOS austin 2023-02: cached /Users/oscaro/Desktop/MCP_Project/data/trackj/raw/austin/kaus_asos_202302.csv
ASOS austin 2023-03: cached /Users/oscaro/Desktop/MCP_Project/data/trackj/raw/austin/kaus_asos_202303.csv
ASOS austin 2023-04: cached /Users/oscaro/Desktop/MCP_Project/data/trackj/raw/austin/kaus_asos_202304.csv
ASOS austin 2023-05: cached /Users/oscaro/Desktop/MCP_Project/data/trackj/raw/austin/kaus_asos_202305.csv
ASOS austin 2023-06: cached /Users/oscaro/Desktop/MCP_Project/data/trackj/raw/austin/kaus_asos_202306.csv
ASOS austin 2023-07: cached /Users/oscaro/Desktop/MCP_Project/data/trackj/raw/austin/kaus_asos_202307.csv
ASOS austin 2023-08: cached /Users/oscaro/Desktop/MCP_Project/data/trackj/raw/austin/kaus_asos_202308.csv
ASOS austin 2023-09: cached /Users/oscaro/Desktop/MCP_Project/data/trackj/raw/austin/kaus_asos_202309.csv
ASOS austin 2023-10: cached /Users/oscaro/Desktop/MCP_Project/data/trackj/raw/austin/kaus_asos_202310.csv
ASOS austin 2023-11: cached /Users/oscaro/Desktop/MCP_Project/data/trackj/raw/austin/kaus_asos_202311.csv
ASOS austin 2023-12: cached /Users/oscaro/Desktop/MCP_Project/data/trackj/raw/austin/kaus_asos_202312.csv
ASOS austin 2024-01: cached /Users/oscaro/Desktop/MCP_Project/data/trackj/raw/austin/kaus_asos_202401.csv
ASOS austin 2024-02: cached /Users/oscaro/Desktop/MCP_Project/data/trackj/raw/austin/kaus_asos_202402.csv
ASOS austin 2024-03: cached /Users/oscaro/Desktop/MCP_Project/data/trackj/raw/austin/kaus_asos_202403.csv
ASOS austin 2024-04: cached /Users/oscaro/Desktop/MCP_Project/data/trackj/raw/austin/kaus_asos_202404.csv
ASOS austin 2024-05: cached /Users/oscaro/Desktop/MCP_Project/data/trackj/raw/austin/kaus_asos_202405.csv
ASOS austin 2024-06: cached /Users/oscaro/Desktop/MCP_Project/data/trackj/raw/austin/kaus_asos_202406.csv
GFS 2021-01-01: ok 2021-01-01T00:00:00Z
GFS 2021-01-02: ok 2021-01-02T00:00:00Z
GFS 2021-01-03: ok 2021-01-03T00:00:00Z
GFS 2021-01-04: ok 2021-01-04T00:00:00Z
GFS 2021-01-05: ok 2021-01-05T00:00:00Z
GFS 2021-01-06: ok 2021-01-06T00:00:00Z
GFS 2021-01-07: ok 2021-01-07T00:00:00Z
GFS 2021-01-08: ok 2021-01-08T00:00:00Z
GFS 2021-01-09: ok 2021-01-09T00:00:00Z
GFS 2021-01-10: ok 2021-01-10T00:00:00Z
GFS 2021-01-11: ok 2021-01-11T00:00:00Z
GFS 2021-01-12: ok 2021-01-12T00:00:00Z
GFS 2021-01-13: ok 2021-01-13T00:00:00Z
GFS 2021-01-14: ok 2021-01-14T00:00:00Z
GFS 2021-01-15: ok 2021-01-15T00:00:00Z
GFS 2021-01-16: ok 2021-01-16T00:00:00Z
GFS 2021-01-17: ok 2021-01-17T00:00:00Z
GFS 2021-01-18: ok 2021-01-18T00:00:00Z
GFS 2021-01-19: ok 2021-01-19T00:00:00Z
GFS 2021-01-20: ok 2021-01-20T00:00:00Z
GFS 2021-01-21: ok 2021-01-21T00:00:00Z
GFS 2021-01-22: ok 2021-01-22T00:00:00Z
GFS 2021-01-23: ok 2021-01-23T00:00:00Z
GFS 2021-01-24: ok 2021-01-24T00:00:00Z
GFS 2021-01-25: ok 2021-01-25T00:00:00Z
GFS 2021-01-26: ok 2021-01-26T00:00:00Z
GFS 2021-01-27: ok 2021-01-27T00:00:00Z
GFS 2021-01-28: ok 2021-01-28T00:00:00Z
GFS 2021-01-29: ok 2021-01-29T00:00:00Z
GFS 2021-01-30: ok 2021-01-30T00:00:00Z
GFS 2021-01-31: ok 2021-01-31T00:00:00Z
GFS 2021-02-01: ok 2021-02-01T00:00:00Z
GFS 2021-02-02: ok 2021-02-01T12:00:00Z
GFS 2021-02-03: ok 2021-02-03T00:00:00Z
GFS 2021-02-05: ok 2021-02-05T00:00:00Z
GFS 2021-02-06: ok 2021-02-06T00:00:00Z
GFS 2021-02-07: ok 2021-02-07T00:00:00Z
GFS 2021-02-08: ok 2021-02-08T00:00:00Z
GFS 2021-02-09: ok 2021-02-09T00:00:00Z
GFS 2021-02-10: ok 2021-02-10T00:00:00Z
GFS 2021-02-11: ok 2021-02-11T00:00:00Z
GFS 2021-02-12: ok 2021-02-12T00:00:00Z
GFS 2021-02-13: ok 2021-02-13T00:00:00Z
GFS 2021-02-14: ok 2021-02-14T00:00:00Z
GFS 2021-02-15: ok 2021-02-15T00:00:00Z
GFS 2021-02-16: ok 2021-02-16T00:00:00Z
GFS 2021-02-17: ok 2021-02-17T00:00:00Z
GFS 2021-02-18: ok 2021-02-18T00:00:00Z
GFS 2021-02-19: ok 2021-02-19T00:00:00Z
GFS 2021-02-20: ok 2021-02-20T00:00:00Z
GFS 2021-02-21: ok 2021-02-21T00:00:00Z
GFS 2021-02-22: ok 2021-02-22T00:00:00Z
GFS 2021-02-23: ok 2021-02-23T00:00:00Z
GFS 2021-02-24: ok 2021-02-24T00:00:00Z
GFS 2021-02-25: ok 2021-02-25T00:00:00Z
GFS 2021-02-26: ok 2021-02-26T00:00:00Z
GFS 2021-02-27: ok 2021-02-27T00:00:00Z
GFS 2021-02-28: ok 2021-02-28T00:00:00Z
GFS 2021-03-01: ok 2021-03-01T00:00:00Z
GFS 2021-03-02: ok 2021-03-02T00:00:00Z
GFS 2021-03-03: ok 2021-03-03T00:00:00Z
GFS 2021-03-04: ok 2021-03-04T00:00:00Z
GFS 2021-03-05: ok 2021-03-05T00:00:00Z
GFS 2021-03-06: ok 2021-03-06T00:00:00Z
GFS 2021-03-07: ok 2021-03-07T00:00:00Z
GFS 2021-03-08: ok 2021-03-08T00:00:00Z
GFS 2021-03-09: ok 2021-03-09T00:00:00Z
GFS 2021-03-10: ok 2021-03-10T00:00:00Z
GFS 2021-03-11: ok 2021-03-11T00:00:00Z
GFS 2021-03-12: ok 2021-03-12T00:00:00Z
GFS 2021-03-13: ok 2021-03-13T00:00:00Z
GFS 2021-03-14: ok 2021-03-14T00:00:00Z
GFS 2021-03-15: ok 2021-03-15T00:00:00Z
GFS 2021-03-16: ok 2021-03-16T00:00:00Z
GFS 2021-03-17: ok 2021-03-17T00:00:00Z
GFS 2021-03-18: ok 2021-03-18T00:00:00Z
GFS 2021-03-19: ok 2021-03-19T00:00:00Z
GFS 2021-03-20: ok 2021-03-20T00:00:00Z
GFS 2021-03-21: ok 2021-03-21T00:00:00Z
GFS 2021-03-22: ok 2021-03-22T00:00:00Z
GFS 2021-03-23: ok 2021-03-23T00:00:00Z
GFS 2021-03-24: ok 2021-03-24T00:00:00Z
GFS 2021-03-25: ok 2021-03-25T00:00:00Z
GFS 2021-03-26: ok 2021-03-26T00:00:00Z
GFS 2021-03-27: ok 2021-03-27T00:00:00Z
GFS 2021-03-28: ok 2021-03-28T00:00:00Z
GFS 2021-03-29: ok 2021-03-29T00:00:00Z
GFS 2021-03-30: ok 2021-03-30T00:00:00Z
GFS 2021-03-31: ok 2021-03-31T00:00:00Z
GFS 2021-04-01: ok 2021-04-01T00:00:00Z
GFS 2021-04-02: ok 2021-04-02T00:00:00Z
GFS 2021-04-03: ok 2021-04-03T00:00:00Z
GFS 2021-04-04: ok 2021-04-04T00:00:00Z
GFS 2021-04-05: ok 2021-04-05T00:00:00Z
GFS 2021-04-06: ok 2021-04-06T00:00:00Z
GFS 2021-04-07: ok 2021-04-07T00:00:00Z
GFS 2021-04-08: ok 2021-04-08T00:00:00Z
GFS 2021-04-09: ok 2021-04-09T00:00:00Z
GFS 2021-04-10: ok 2021-04-10T00:00:00Z
GFS 2021-04-11: ok 2021-04-11T00:00:00Z
GFS 2021-04-12: ok 2021-04-12T00:00:00Z
GFS 2021-04-13: ok 2021-04-13T00:00:00Z
GFS 2021-04-14: ok 2021-04-14T00:00:00Z
GFS 2021-04-15: ok 2021-04-15T00:00:00Z
GFS 2021-04-16: ok 2021-04-16T00:00:00Z
GFS 2021-04-17: ok 2021-04-17T00:00:00Z
GFS 2021-04-18: ok 2021-04-18T00:00:00Z
GFS 2021-04-19: ok 2021-04-19T00:00:00Z
GFS 2021-04-20: ok 2021-04-20T00:00:00Z
GFS 2021-04-21: ok 2021-04-21T00:00:00Z
GFS 2021-04-22: ok 2021-04-22T00:00:00Z
GFS 2021-04-23: ok 2021-04-23T00:00:00Z
GFS 2021-04-24: ok 2021-04-24T00:00:00Z
GFS 2021-04-25: ok 2021-04-25T00:00:00Z
GFS 2021-04-26: ok 2021-04-26T00:00:00Z
GFS 2021-04-27: ok 2021-04-27T00:00:00Z
GFS 2021-04-28: ok 2021-04-28T00:00:00Z
GFS 2021-04-29: ok 2021-04-29T00:00:00Z
GFS 2021-04-30: ok 2021-04-30T00:00:00Z
GFS 2021-05-01: ok 2021-05-01T00:00:00Z
GFS 2021-05-02: ok 2021-05-02T00:00:00Z
GFS 2021-05-03: ok 2021-05-03T00:00:00Z
GFS 2021-05-04: ok 2021-05-04T00:00:00Z
GFS 2021-05-05: ok 2021-05-05T00:00:00Z
GFS 2021-05-06: ok 2021-05-06T00:00:00Z
GFS 2021-05-07: ok 2021-05-07T00:00:00Z
GFS 2021-05-08: ok 2021-05-08T00:00:00Z
GFS 2021-05-09: ok 2021-05-09T00:00:00Z
GFS 2021-05-10: ok 2021-05-10T00:00:00Z
GFS 2021-05-11: ok 2021-05-11T00:00:00Z
GFS 2021-05-12: ok 2021-05-12T00:00:00Z
GFS 2021-05-13: ok 2021-05-13T00:00:00Z
GFS 2021-05-14: ok 2021-05-14T00:00:00Z
GFS 2021-05-15: ok 2021-05-15T00:00:00Z
GFS 2021-05-16: ok 2021-05-16T00:00:00Z
GFS 2021-05-17: ok 2021-05-17T00:00:00Z
GFS 2021-05-18: ok 2021-05-18T00:00:00Z
GFS 2021-05-19: ok 2021-05-19T00:00:00Z
GFS 2021-05-20: ok 2021-05-20T00:00:00Z
GFS 2021-05-21: ok 2021-05-21T00:00:00Z
GFS 2021-05-22: ok 2021-05-22T00:00:00Z
GFS 2021-05-23: ok 2021-05-23T00:00:00Z
GFS 2021-05-24: ok 2021-05-24T00:00:00Z
GFS 2021-05-25: ok 2021-05-25T00:00:00Z
GFS 2021-05-26: ok 2021-05-26T00:00:00Z
GFS 2021-05-27: ok 2021-05-27T00:00:00Z
GFS 2021-05-28: ok 2021-05-28T00:00:00Z
GFS 2021-05-29: ok 2021-05-29T00:00:00Z
GFS 2021-05-30: ok 2021-05-30T00:00:00Z
GFS 2021-05-31: ok 2021-05-31T00:00:00Z
GFS 2021-06-01: ok 2021-06-01T00:00:00Z
GFS 2021-06-02: ok 2021-06-02T00:00:00Z
GFS 2021-06-03: ok 2021-06-03T00:00:00Z
GFS 2021-06-04: ok 2021-06-04T00:00:00Z
GFS 2021-06-05: ok 2021-06-05T00:00:00Z
GFS 2021-06-06: ok 2021-06-06T00:00:00Z
GFS 2021-06-07: ok 2021-06-07T00:00:00Z
GFS 2021-06-08: ok 2021-06-08T00:00:00Z
GFS 2021-06-09: ok 2021-06-09T00:00:00Z
GFS 2021-06-10: ok 2021-06-10T00:00:00Z
GFS 2021-06-11: ok 2021-06-11T00:00:00Z
GFS 2021-06-12: ok 2021-06-12T00:00:00Z
GFS 2021-06-13: ok 2021-06-13T00:00:00Z
GFS 2021-06-14: ok 2021-06-14T00:00:00Z
GFS 2021-06-15: ok 2021-06-15T00:00:00Z
GFS 2021-06-16: ok 2021-06-16T00:00:00Z
GFS 2021-06-17: ok 2021-06-17T00:00:00Z
GFS 2021-06-18: ok 2021-06-18T00:00:00Z
GFS 2021-06-19: ok 2021-06-19T00:00:00Z
GFS 2021-06-20: ok 2021-06-20T00:00:00Z
GFS 2021-06-21: ok 2021-06-21T00:00:00Z
GFS 2021-06-22: ok 2021-06-22T00:00:00Z
GFS 2021-06-23: ok 2021-06-23T00:00:00Z
GFS 2021-06-24: ok 2021-06-24T00:00:00Z
GFS 2021-06-25: ok 2021-06-25T00:00:00Z
GFS 2021-06-26: ok 2021-06-26T00:00:00Z
GFS 2021-06-27: ok 2021-06-27T00:00:00Z
GFS 2021-06-28: ok 2021-06-28T00:00:00Z
GFS 2021-06-29: ok 2021-06-29T00:00:00Z
GFS 2021-06-30: ok 2021-06-30T00:00:00Z
GFS 2021-07-01: ok 2021-07-01T00:00:00Z
GFS 2021-07-02: ok 2021-07-02T00:00:00Z
GFS 2021-07-03: ok 2021-07-03T00:00:00Z
GFS 2021-07-04: ok 2021-07-04T00:00:00Z
GFS 2021-07-05: ok 2021-07-05T00:00:00Z
GFS 2021-07-06: ok 2021-07-06T00:00:00Z
GFS 2021-07-07: ok 2021-07-07T00:00:00Z
GFS 2021-07-08: ok 2021-07-08T00:00:00Z
GFS 2021-07-09: ok 2021-07-09T00:00:00Z
GFS 2021-07-10: ok 2021-07-10T00:00:00Z
GFS 2021-07-11: ok 2021-07-11T00:00:00Z
GFS 2021-07-12: ok 2021-07-12T00:00:00Z
GFS 2021-07-13: ok 2021-07-13T00:00:00Z
GFS 2021-07-14: ok 2021-07-14T00:00:00Z
GFS 2021-07-15: ok 2021-07-15T00:00:00Z
GFS 2021-07-16: ok 2021-07-16T00:00:00Z
GFS 2021-07-17: ok 2021-07-17T00:00:00Z
GFS 2021-07-18: ok 2021-07-18T00:00:00Z
GFS 2021-07-19: ok 2021-07-19T00:00:00Z
GFS 2021-07-20: ok 2021-07-20T00:00:00Z
GFS 2021-07-21: ok 2021-07-21T00:00:00Z
GFS 2021-07-22: ok 2021-07-22T00:00:00Z
GFS 2021-07-23: ok 2021-07-23T00:00:00Z
GFS 2021-07-24: ok 2021-07-24T00:00:00Z
GFS 2021-07-25: ok 2021-07-25T00:00:00Z
GFS 2021-07-26: ok 2021-07-26T00:00:00Z
GFS 2021-07-27: ok 2021-07-27T00:00:00Z
GFS 2021-07-28: ok 2021-07-28T00:00:00Z
GFS 2021-07-29: ok 2021-07-29T00:00:00Z
GFS 2021-07-30: ok 2021-07-30T00:00:00Z
GFS 2021-07-31: ok 2021-07-31T00:00:00Z
GFS 2021-08-01: ok 2021-08-01T00:00:00Z
GFS 2021-08-02: ok 2021-08-02T00:00:00Z
GFS 2021-08-03: ok 2021-08-03T00:00:00Z
GFS 2021-08-04: ok 2021-08-04T00:00:00Z
GFS 2021-08-05: ok 2021-08-05T00:00:00Z
GFS 2021-08-06: ok 2021-08-06T00:00:00Z
GFS 2021-08-07: ok 2021-08-07T00:00:00Z
GFS 2021-08-08: ok 2021-08-08T00:00:00Z
GFS 2021-08-09: ok 2021-08-09T00:00:00Z
GFS 2021-08-10: ok 2021-08-10T00:00:00Z
GFS 2021-08-11: ok 2021-08-11T00:00:00Z
GFS 2021-08-12: ok 2021-08-12T00:00:00Z
GFS 2021-08-13: ok 2021-08-13T00:00:00Z
GFS 2021-08-14: ok 2021-08-14T00:00:00Z
GFS 2021-08-15: ok 2021-08-15T00:00:00Z
GFS 2021-08-16: ok 2021-08-16T00:00:00Z
GFS 2021-08-17: ok 2021-08-17T00:00:00Z
GFS 2021-08-18: ok 2021-08-18T00:00:00Z
GFS 2021-08-19: ok 2021-08-19T00:00:00Z
GFS 2021-08-20: ok 2021-08-20T00:00:00Z
GFS 2021-08-21: ok 2021-08-21T00:00:00Z
GFS 2021-08-22: ok 2021-08-22T00:00:00Z
GFS 2021-08-23: ok 2021-08-23T00:00:00Z
GFS 2021-08-24: ok 2021-08-24T00:00:00Z
GFS 2021-08-25: ok 2021-08-25T00:00:00Z
GFS 2021-08-26: ok 2021-08-26T00:00:00Z
GFS 2021-08-27: ok 2021-08-27T00:00:00Z
GFS 2021-08-28: ok 2021-08-28T00:00:00Z
GFS 2021-08-29: ok 2021-08-29T00:00:00Z
GFS 2021-08-30: ok 2021-08-30T00:00:00Z
GFS 2021-08-31: ok 2021-08-31T00:00:00Z
GFS 2021-09-01: ok 2021-09-01T00:00:00Z
GFS 2021-09-02: ok 2021-09-02T00:00:00Z
GFS 2021-09-03: ok 2021-09-03T00:00:00Z
GFS 2021-09-04: ok 2021-09-04T00:00:00Z
GFS 2021-09-05: ok 2021-09-05T00:00:00Z
GFS 2021-09-06: ok 2021-09-06T00:00:00Z
GFS 2021-09-07: ok 2021-09-07T00:00:00Z
GFS 2021-09-08: ok 2021-09-08T00:00:00Z
GFS 2021-09-09: ok 2021-09-09T00:00:00Z
GFS 2021-09-10: ok 2021-09-10T00:00:00Z
GFS 2021-09-11: ok 2021-09-11T00:00:00Z
GFS 2021-09-12: ok 2021-09-12T00:00:00Z
GFS 2021-09-13: ok 2021-09-13T00:00:00Z
GFS 2021-09-14: ok 2021-09-14T00:00:00Z
GFS 2021-09-15: ok 2021-09-15T00:00:00Z
GFS 2021-09-16: ok 2021-09-16T00:00:00Z
GFS 2021-09-17: ok 2021-09-17T00:00:00Z
GFS 2021-09-18: ok 2021-09-18T00:00:00Z
GFS 2021-09-19: ok 2021-09-19T00:00:00Z
GFS 2021-09-20: ok 2021-09-20T00:00:00Z
GFS 2021-09-21: ok 2021-09-21T00:00:00Z
GFS 2021-09-22: ok 2021-09-22T00:00:00Z
GFS 2021-09-23: ok 2021-09-23T00:00:00Z
GFS 2021-09-24: ok 2021-09-24T00:00:00Z
GFS 2021-09-25: ok 2021-09-25T00:00:00Z
GFS 2021-09-26: ok 2021-09-26T00:00:00Z
GFS 2021-09-27: ok 2021-09-27T00:00:00Z
GFS 2021-09-28: ok 2021-09-28T00:00:00Z
GFS 2021-09-29: ok 2021-09-29T00:00:00Z
GFS 2021-09-30: ok 2021-09-30T00:00:00Z
GFS 2021-10-01: ok 2021-10-01T00:00:00Z
GFS 2021-10-02: ok 2021-10-02T00:00:00Z
GFS 2021-10-03: ok 2021-10-03T00:00:00Z
GFS 2021-10-04: ok 2021-10-04T00:00:00Z
GFS 2021-10-05: ok 2021-10-05T00:00:00Z
GFS 2021-10-06: ok 2021-10-06T00:00:00Z
GFS 2021-10-07: ok 2021-10-07T00:00:00Z
GFS 2021-10-08: ok 2021-10-08T00:00:00Z
GFS 2021-10-09: ok 2021-10-09T00:00:00Z
GFS 2021-10-10: ok 2021-10-10T00:00:00Z
GFS 2021-10-11: ok 2021-10-11T00:00:00Z
GFS 2021-10-12: ok 2021-10-12T00:00:00Z
GFS 2021-10-13: ok 2021-10-13T00:00:00Z
GFS 2021-10-14: ok 2021-10-14T00:00:00Z
GFS 2021-10-15: ok 2021-10-15T00:00:00Z
GFS 2021-10-16: ok 2021-10-16T00:00:00Z
GFS 2021-10-17: ok 2021-10-17T00:00:00Z
GFS 2021-10-18: ok 2021-10-18T00:00:00Z
GFS 2021-10-19: ok 2021-10-19T00:00:00Z
GFS 2021-10-20: ok 2021-10-20T00:00:00Z
GFS 2021-10-21: ok 2021-10-21T00:00:00Z
GFS 2021-10-22: ok 2021-10-22T00:00:00Z
GFS 2021-10-23: ok 2021-10-23T00:00:00Z
GFS 2021-10-24: ok 2021-10-24T00:00:00Z
GFS 2021-10-25: ok 2021-10-25T00:00:00Z
GFS 2021-10-26: ok 2021-10-26T00:00:00Z
GFS 2021-10-27: ok 2021-10-27T00:00:00Z
GFS 2021-10-28: ok 2021-10-28T00:00:00Z
GFS 2021-10-29: ok 2021-10-29T00:00:00Z
GFS 2021-10-30: ok 2021-10-30T00:00:00Z
GFS 2021-10-31: ok 2021-10-31T00:00:00Z
GFS 2021-11-01: ok 2021-11-01T00:00:00Z
GFS 2021-11-02: ok 2021-11-02T00:00:00Z
GFS 2021-11-03: ok 2021-11-03T00:00:00Z
GFS 2021-11-04: ok 2021-11-04T00:00:00Z
GFS 2021-11-05: ok 2021-11-05T00:00:00Z
GFS 2021-11-06: ok 2021-11-06T00:00:00Z
GFS 2021-11-07: ok 2021-11-07T00:00:00Z
GFS 2021-11-08: ok 2021-11-08T00:00:00Z
GFS 2021-11-09: ok 2021-11-09T00:00:00Z
GFS 2021-11-10: ok 2021-11-10T00:00:00Z
GFS 2021-11-11: ok 2021-11-11T00:00:00Z
GFS 2021-11-12: ok 2021-11-12T00:00:00Z
GFS 2021-11-13: ok 2021-11-13T00:00:00Z
GFS 2021-11-14: ok 2021-11-14T00:00:00Z
GFS 2021-11-15: ok 2021-11-15T00:00:00Z
GFS 2021-11-16: ok 2021-11-16T00:00:00Z
GFS 2021-11-17: ok 2021-11-17T00:00:00Z
GFS 2021-11-18: ok 2021-11-18T00:00:00Z
GFS 2021-11-19: ok 2021-11-19T00:00:00Z
GFS 2021-11-20: ok 2021-11-20T00:00:00Z
GFS 2021-11-21: ok 2021-11-21T00:00:00Z
GFS 2021-11-22: ok 2021-11-22T00:00:00Z
GFS 2021-11-23: ok 2021-11-23T00:00:00Z
GFS 2021-11-24: ok 2021-11-24T00:00:00Z
GFS 2021-11-25: ok 2021-11-25T00:00:00Z
GFS 2021-11-26: ok 2021-11-26T00:00:00Z
GFS 2021-11-27: ok 2021-11-27T00:00:00Z
GFS 2021-11-28: ok 2021-11-28T00:00:00Z
GFS 2021-11-29: ok 2021-11-29T00:00:00Z
GFS 2021-11-30: ok 2021-11-30T00:00:00Z
GFS 2021-12-01: ok 2021-12-01T00:00:00Z
GFS 2021-12-02: ok 2021-12-02T00:00:00Z
GFS 2021-12-03: ok 2021-12-03T06:00:00Z
GFS 2021-12-04: ok 2021-12-04T06:00:00Z
GFS 2021-12-05: ok 2021-12-05T06:00:00Z
GFS 2021-12-06: ok 2021-12-06T06:00:00Z
GFS 2021-12-07: ok 2021-12-07T06:00:00Z
GFS 2021-12-08: ok 2021-12-08T06:00:00Z
GFS 2021-12-09: ok 2021-12-09T06:00:00Z
GFS 2021-12-11: ok 2021-12-11T06:00:00Z
GFS 2021-12-12: ok 2021-12-12T06:00:00Z
GFS 2021-12-13: ok 2021-12-13T06:00:00Z
GFS 2021-12-14: ok 2021-12-14T06:00:00Z
GFS 2021-12-15: ok 2021-12-15T06:00:00Z
GFS 2021-12-17: ok 2021-12-17T06:00:00Z
GFS 2021-12-18: ok 2021-12-18T06:00:00Z
GFS 2021-12-19: ok 2021-12-19T06:00:00Z
GFS 2021-12-20: ok 2021-12-20T06:00:00Z
GFS 2021-12-21: ok 2021-12-21T06:00:00Z
GFS 2021-12-22: ok 2021-12-22T06:00:00Z
GFS 2021-12-23: ok 2021-12-23T06:00:00Z
GFS 2021-12-24: ok 2021-12-24T06:00:00Z
GFS 2021-12-25: ok 2021-12-25T06:00:00Z
GFS 2021-12-26: ok 2021-12-26T06:00:00Z
GFS 2021-12-28: ok 2021-12-28T06:00:00Z
GFS 2022-01-01: ok 2022-01-01T06:00:00Z
GFS 2022-01-02: ok 2022-01-02T06:00:00Z
GFS 2022-01-03: ok 2022-01-03T06:00:00Z
GFS 2022-01-04: ok 2022-01-04T06:00:00Z
GFS 2022-01-05: ok 2022-01-05T06:00:00Z
GFS 2022-01-06: ok 2022-01-06T06:00:00Z
GFS 2022-01-07: ok 2022-01-07T06:00:00Z
GFS 2022-01-08: ok 2022-01-08T06:00:00Z
GFS 2022-01-09: ok 2022-01-09T06:00:00Z
GFS 2022-01-10: ok 2022-01-10T06:00:00Z
GFS 2022-01-11: ok 2022-01-11T06:00:00Z
GFS 2022-01-12: ok 2022-01-12T06:00:00Z
GFS 2022-01-13: ok 2022-01-13T06:00:00Z
GFS 2022-01-14: ok 2022-01-14T06:00:00Z
GFS 2022-01-15: ok 2022-01-15T06:00:00Z
GFS 2022-01-16: ok 2022-01-16T06:00:00Z
GFS 2022-01-17: ok 2022-01-17T06:00:00Z
GFS 2022-01-18: ok 2022-01-18T06:00:00Z
GFS 2022-01-19: ok 2022-01-19T06:00:00Z
GFS 2022-01-20: ok 2022-01-20T06:00:00Z
GFS 2022-01-21: ok 2022-01-21T06:00:00Z
GFS 2022-01-22: ok 2022-01-22T06:00:00Z
GFS 2022-01-23: ok 2022-01-23T06:00:00Z
GFS 2022-01-24: ok 2022-01-24T06:00:00Z
GFS 2022-01-25: ok 2022-01-25T06:00:00Z
GFS 2022-01-26: ok 2022-01-26T06:00:00Z
GFS 2022-01-27: ok 2022-01-27T06:00:00Z
GFS 2022-01-28: ok 2022-01-28T06:00:00Z
GFS 2022-01-29: ok 2022-01-29T06:00:00Z
GFS 2022-01-30: ok 2022-01-30T06:00:00Z
GFS 2022-01-31: ok 2022-01-31T06:00:00Z
GFS 2022-02-01: ok 2022-02-01T06:00:00Z
GFS 2022-02-02: ok 2022-02-02T06:00:00Z
GFS 2022-02-03: ok 2022-02-03T06:00:00Z
GFS 2022-02-04: ok 2022-02-04T06:00:00Z
GFS 2022-02-05: ok 2022-02-05T06:00:00Z
GFS 2022-02-06: ok 2022-02-06T06:00:00Z
GFS 2022-02-07: ok 2022-02-07T06:00:00Z
GFS 2022-02-08: ok 2022-02-08T06:00:00Z
GFS 2022-02-09: ok 2022-02-09T06:00:00Z
GFS 2022-02-10: ok 2022-02-10T06:00:00Z
GFS 2022-02-11: ok 2022-02-11T06:00:00Z
GFS 2022-02-12: ok 2022-02-12T06:00:00Z
GFS 2022-02-13: ok 2022-02-13T06:00:00Z
GFS 2022-02-14: ok 2022-02-14T06:00:00Z
GFS 2022-02-15: ok 2022-02-15T06:00:00Z
GFS 2022-02-16: ok 2022-02-16T06:00:00Z
GFS 2022-02-17: ok 2022-02-17T06:00:00Z
GFS 2022-02-18: ok 2022-02-18T06:00:00Z
GFS 2022-02-19: ok 2022-02-19T06:00:00Z
GFS 2022-02-20: ok 2022-02-20T06:00:00Z
GFS 2022-02-21: ok 2022-02-21T06:00:00Z
GFS 2022-02-22: ok 2022-02-22T06:00:00Z
GFS 2022-02-23: ok 2022-02-23T06:00:00Z
GFS 2022-02-24: ok 2022-02-24T06:00:00Z
GFS 2022-02-25: ok 2022-02-25T06:00:00Z
GFS 2022-02-26: ok 2022-02-26T06:00:00Z
GFS 2022-02-27: ok 2022-02-27T06:00:00Z
GFS 2022-02-28: ok 2022-02-28T06:00:00Z
GFS 2022-03-01: ok 2022-03-01T06:00:00Z
GFS 2022-03-02: ok 2022-03-02T06:00:00Z
GFS 2022-03-03: ok 2022-03-03T06:00:00Z
GFS 2022-03-04: ok 2022-03-04T06:00:00Z
GFS 2022-03-05: ok 2022-03-05T06:00:00Z
GFS 2022-03-06: ok 2022-03-06T06:00:00Z
GFS 2022-03-07: ok 2022-03-07T06:00:00Z
GFS 2022-03-08: ok 2022-03-08T06:00:00Z
GFS 2022-03-09: ok 2022-03-09T06:00:00Z
GFS 2022-03-10: ok 2022-03-10T06:00:00Z
GFS 2022-03-11: ok 2022-03-11T06:00:00Z
GFS 2022-03-12: ok 2022-03-12T06:00:00Z
GFS 2022-03-13: ok 2022-03-13T06:00:00Z
GFS 2022-03-14: ok 2022-03-14T06:00:00Z
GFS 2022-03-15: ok 2022-03-15T06:00:00Z
GFS 2022-03-16: ok 2022-03-16T06:00:00Z
GFS 2022-03-17: ok 2022-03-17T06:00:00Z
GFS 2022-03-18: ok 2022-03-18T06:00:00Z
GFS 2022-03-19: ok 2022-03-19T06:00:00Z
GFS 2022-03-20: ok 2022-03-20T06:00:00Z
GFS 2022-03-21: ok 2022-03-21T06:00:00Z
GFS 2022-03-22: ok 2022-03-22T06:00:00Z
GFS 2022-03-23: ok 2022-03-23T06:00:00Z
GFS 2022-03-24: ok 2022-03-24T06:00:00Z
GFS 2022-03-25: ok 2022-03-25T06:00:00Z
GFS 2022-03-26: ok 2022-03-26T06:00:00Z
GFS 2022-03-27: ok 2022-03-27T06:00:00Z
GFS 2022-03-28: ok 2022-03-28T06:00:00Z
GFS 2022-03-29: ok 2022-03-29T06:00:00Z
GFS 2022-03-30: ok 2022-03-30T06:00:00Z
GFS 2022-03-31: ok 2022-03-31T06:00:00Z
GFS 2022-04-01: ok 2022-04-01T06:00:00Z
GFS 2022-04-02: ok 2022-04-02T06:00:00Z
GFS 2022-04-03: ok 2022-04-03T06:00:00Z
GFS 2022-04-04: ok 2022-04-04T06:00:00Z
GFS 2022-04-06: ok 2022-04-06T06:00:00Z
GFS 2022-04-07: ok 2022-04-07T06:00:00Z
GFS 2022-04-08: ok 2022-04-08T06:00:00Z
GFS 2022-04-09: ok 2022-04-09T06:00:00Z
GFS 2022-04-10: ok 2022-04-10T06:00:00Z
GFS 2022-04-11: ok 2022-04-11T06:00:00Z
GFS 2022-04-12: ok 2022-04-12T06:00:00Z
GFS 2022-04-13: ok 2022-04-13T06:00:00Z
GFS 2022-04-14: ok 2022-04-14T06:00:00Z
GFS 2022-04-15: ok 2022-04-15T06:00:00Z
GFS 2022-04-16: ok 2022-04-16T06:00:00Z
GFS 2022-04-17: ok 2022-04-17T06:00:00Z
GFS 2022-04-18: ok 2022-04-18T06:00:00Z
GFS 2022-04-19: ok 2022-04-19T06:00:00Z
GFS 2022-04-20: ok 2022-04-20T06:00:00Z
GFS 2022-04-21: ok 2022-04-21T06:00:00Z
GFS 2022-04-22: ok 2022-04-22T06:00:00Z
GFS 2022-04-23: ok 2022-04-23T06:00:00Z
GFS 2022-04-24: ok 2022-04-24T06:00:00Z
GFS 2022-04-25: ok 2022-04-25T06:00:00Z
GFS 2022-04-26: ok 2022-04-26T06:00:00Z
GFS 2022-04-27: ok 2022-04-27T06:00:00Z
GFS 2022-04-28: ok 2022-04-28T06:00:00Z
GFS 2022-04-29: ok 2022-04-29T06:00:00Z
GFS 2022-04-30: ok 2022-04-30T06:00:00Z
GFS 2022-05-01: ok 2022-05-01T06:00:00Z
GFS 2022-05-02: ok 2022-05-02T06:00:00Z
GFS 2022-05-03: ok 2022-05-03T06:00:00Z
GFS 2022-05-04: ok 2022-05-04T06:00:00Z
GFS 2022-05-05: ok 2022-05-05T06:00:00Z
GFS 2022-05-06: ok 2022-05-06T06:00:00Z
GFS 2022-05-07: ok 2022-05-07T06:00:00Z
GFS 2022-05-08: ok 2022-05-08T06:00:00Z
GFS 2022-05-09: ok 2022-05-09T06:00:00Z
GFS 2022-05-10: ok 2022-05-10T06:00:00Z
GFS 2022-05-11: ok 2022-05-11T06:00:00Z
GFS 2022-05-12: ok 2022-05-12T06:00:00Z
GFS 2022-05-13: ok 2022-05-13T06:00:00Z
GFS 2022-05-14: ok 2022-05-14T06:00:00Z
GFS 2022-05-15: ok 2022-05-15T06:00:00Z
GFS 2022-05-16: ok 2022-05-16T06:00:00Z
GFS 2022-05-17: ok 2022-05-17T06:00:00Z
GFS 2022-05-19: ok 2022-05-19T06:00:00Z
GFS 2022-05-20: ok 2022-05-20T06:00:00Z
GFS 2022-05-22: ok 2022-05-22T06:00:00Z
GFS 2022-05-23: ok 2022-05-23T06:00:00Z
GFS 2022-05-24: ok 2022-05-24T06:00:00Z
GFS 2022-05-25: ok 2022-05-25T06:00:00Z
GFS 2022-05-26: ok 2022-05-26T06:00:00Z
GFS 2022-05-27: ok 2022-05-27T06:00:00Z
GFS 2022-05-28: ok 2022-05-28T06:00:00Z
GFS 2022-05-29: ok 2022-05-29T06:00:00Z
GFS 2022-05-30: ok 2022-05-30T06:00:00Z
GFS 2022-05-31: ok 2022-05-31T06:00:00Z
GFS 2022-06-01: ok 2022-06-01T06:00:00Z
GFS 2022-06-02: ok 2022-06-02T06:00:00Z
GFS 2022-06-03: ok 2022-06-03T06:00:00Z
GFS 2022-06-04: ok 2022-06-04T06:00:00Z
GFS 2022-06-05: ok 2022-06-05T06:00:00Z
GFS 2022-06-06: ok 2022-06-06T06:00:00Z
GFS 2022-06-09: ok 2022-06-09T06:00:00Z
GFS 2022-06-13: ok 2022-06-13T06:00:00Z
GFS 2022-06-14: ok 2022-06-14T06:00:00Z
GFS 2022-06-15: ok 2022-06-15T06:00:00Z
GFS 2022-06-16: ok 2022-06-16T06:00:00Z
GFS 2022-06-17: ok 2022-06-17T06:00:00Z
GFS 2022-06-18: ok 2022-06-18T06:00:00Z
GFS 2022-06-19: ok 2022-06-19T06:00:00Z
GFS 2022-06-20: ok 2022-06-20T06:00:00Z
GFS 2022-06-21: ok 2022-06-21T06:00:00Z
GFS 2022-06-22: ok 2022-06-22T06:00:00Z
GFS 2022-06-23: ok 2022-06-23T06:00:00Z
GFS 2022-06-24: ok 2022-06-24T06:00:00Z
GFS 2022-06-25: ok 2022-06-25T06:00:00Z
GFS 2022-06-26: ok 2022-06-26T06:00:00Z
GFS 2022-06-27: ok 2022-06-27T06:00:00Z
GFS 2022-06-28: ok 2022-06-28T06:00:00Z
GFS 2022-06-29: ok 2022-06-29T06:00:00Z
GFS 2022-06-30: ok 2022-06-30T06:00:00Z
GFS 2022-07-01: ok 2022-07-01T06:00:00Z
GFS 2022-07-02: ok 2022-07-02T06:00:00Z
GFS 2022-07-03: ok 2022-07-03T06:00:00Z
GFS 2022-07-04: ok 2022-07-04T06:00:00Z
GFS 2022-07-05: ok 2022-07-05T06:00:00Z
GFS 2022-07-06: ok 2022-07-06T06:00:00Z
GFS 2022-07-07: ok 2022-07-07T06:00:00Z
GFS 2022-07-08: ok 2022-07-08T06:00:00Z
GFS 2022-07-14: ok 2022-07-14T06:00:00Z
GFS 2022-07-15: ok 2022-07-15T06:00:00Z
GFS 2022-07-16: ok 2022-07-16T06:00:00Z
GFS 2022-07-17: ok 2022-07-17T06:00:00Z
GFS 2022-07-19: ok 2022-07-19T06:00:00Z
GFS 2022-07-22: ok 2022-07-22T06:00:00Z
GFS 2022-07-23: ok 2022-07-23T06:00:00Z
GFS 2022-07-24: ok 2022-07-24T06:00:00Z
GFS 2022-07-25: ok 2022-07-25T06:00:00Z
GFS 2022-07-26: ok 2022-07-26T06:00:00Z
GFS 2022-07-27: ok 2022-07-27T06:00:00Z
GFS 2022-07-28: ok 2022-07-28T06:00:00Z
GFS 2022-07-29: ok 2022-07-29T06:00:00Z
GFS 2022-07-30: ok 2022-07-30T06:00:00Z
GFS 2022-07-31: ok 2022-07-31T06:00:00Z
GFS 2022-08-01: ok 2022-08-01T06:00:00Z
GFS 2022-08-02: ok 2022-08-02T06:00:00Z
GFS 2022-08-03: ok 2022-08-03T06:00:00Z
GFS 2022-08-04: ok 2022-08-04T06:00:00Z
GFS 2022-08-05: ok 2022-08-05T06:00:00Z
GFS 2022-08-06: ok 2022-08-06T06:00:00Z
GFS 2022-08-07: ok 2022-08-07T06:00:00Z
GFS 2022-08-08: ok 2022-08-08T06:00:00Z
GFS 2022-08-09: ok 2022-08-09T06:00:00Z
GFS 2022-08-10: ok 2022-08-10T06:00:00Z
GFS 2022-08-11: ok 2022-08-11T06:00:00Z
GFS 2022-08-12: ok 2022-08-12T06:00:00Z
GFS 2022-08-13: ok 2022-08-13T06:00:00Z
GFS 2022-08-14: ok 2022-08-14T06:00:00Z
GFS 2022-08-15: ok 2022-08-15T06:00:00Z
GFS 2022-08-16: ok 2022-08-16T06:00:00Z
GFS 2022-08-17: ok 2022-08-17T06:00:00Z
GFS 2022-08-18: ok 2022-08-18T06:00:00Z
GFS 2022-08-19: ok 2022-08-19T06:00:00Z
GFS 2022-08-20: ok 2022-08-20T06:00:00Z
GFS 2022-08-21: ok 2022-08-21T06:00:00Z
GFS 2022-08-22: ok 2022-08-22T06:00:00Z
GFS 2022-08-23: ok 2022-08-23T06:00:00Z
GFS 2022-08-24: ok 2022-08-24T06:00:00Z
GFS 2022-08-25: ok 2022-08-25T06:00:00Z
GFS 2022-08-26: ok 2022-08-26T06:00:00Z
GFS 2022-08-27: ok 2022-08-27T06:00:00Z
GFS 2022-08-28: ok 2022-08-28T06:00:00Z
GFS 2022-08-29: ok 2022-08-29T06:00:00Z
GFS 2022-08-30: ok 2022-08-30T06:00:00Z
GFS 2022-08-31: ok 2022-08-31T06:00:00Z
GFS 2022-09-01: ok 2022-09-01T06:00:00Z
GFS 2022-09-02: ok 2022-09-02T06:00:00Z
GFS 2022-09-03: ok 2022-09-03T06:00:00Z
GFS 2022-09-04: ok 2022-09-04T06:00:00Z
GFS 2022-09-05: ok 2022-09-05T06:00:00Z
GFS 2022-09-06: ok 2022-09-06T06:00:00Z
GFS 2022-09-07: ok 2022-09-07T06:00:00Z
GFS 2022-09-08: ok 2022-09-08T06:00:00Z
GFS 2022-09-09: ok 2022-09-09T06:00:00Z
GFS 2022-09-10: ok 2022-09-10T06:00:00Z
GFS 2022-09-11: ok 2022-09-11T06:00:00Z
GFS 2022-09-12: ok 2022-09-12T06:00:00Z
GFS 2022-09-13: ok 2022-09-13T06:00:00Z
GFS 2022-09-14: ok 2022-09-14T06:00:00Z
GFS 2022-09-15: ok 2022-09-15T06:00:00Z
GFS 2022-09-16: ok 2022-09-16T06:00:00Z
GFS 2022-09-17: ok 2022-09-17T06:00:00Z
GFS 2022-09-18: ok 2022-09-18T06:00:00Z
GFS 2022-09-19: ok 2022-09-19T06:00:00Z
GFS 2022-09-20: ok 2022-09-20T06:00:00Z
GFS 2022-09-21: ok 2022-09-21T06:00:00Z
GFS 2022-09-22: ok 2022-09-22T06:00:00Z
GFS 2022-09-23: ok 2022-09-23T06:00:00Z
GFS 2022-09-24: ok 2022-09-24T06:00:00Z
GFS 2022-09-25: ok 2022-09-25T06:00:00Z
GFS 2022-09-26: ok 2022-09-26T06:00:00Z
GFS 2022-09-27: ok 2022-09-27T06:00:00Z
GFS 2022-09-28: ok 2022-09-28T06:00:00Z
GFS 2022-09-29: ok 2022-09-29T06:00:00Z
GFS 2022-09-30: ok 2022-09-30T06:00:00Z
GFS 2022-10-01: ok 2022-10-01T06:00:00Z
GFS 2022-10-02: ok 2022-10-02T06:00:00Z
GFS 2022-10-03: ok 2022-10-03T06:00:00Z
GFS 2022-10-04: ok 2022-10-04T06:00:00Z
GFS 2022-10-05: ok 2022-10-05T06:00:00Z
GFS 2022-10-06: ok 2022-10-06T06:00:00Z
GFS 2022-10-07: ok 2022-10-07T06:00:00Z
GFS 2022-10-08: ok 2022-10-08T06:00:00Z
GFS 2022-10-09: ok 2022-10-09T06:00:00Z
GFS 2022-10-10: ok 2022-10-10T06:00:00Z
GFS 2022-10-11: ok 2022-10-11T06:00:00Z
GFS 2022-10-12: ok 2022-10-12T06:00:00Z
GFS 2022-10-13: ok 2022-10-13T06:00:00Z
GFS 2022-10-14: ok 2022-10-14T06:00:00Z
GFS 2022-10-15: ok 2022-10-15T06:00:00Z
GFS 2022-10-17: ok 2022-10-17T06:00:00Z
GFS 2022-10-18: ok 2022-10-18T06:00:00Z
GFS 2022-10-19: ok 2022-10-19T06:00:00Z
GFS 2022-10-20: ok 2022-10-20T06:00:00Z
GFS 2022-10-21: ok 2022-10-21T06:00:00Z
GFS 2022-10-22: ok 2022-10-22T06:00:00Z
GFS 2022-10-23: ok 2022-10-23T06:00:00Z
GFS 2022-10-24: ok 2022-10-24T06:00:00Z
GFS 2022-10-25: ok 2022-10-25T06:00:00Z
GFS 2022-10-26: ok 2022-10-26T06:00:00Z
GFS 2022-10-27: ok 2022-10-27T06:00:00Z
GFS 2022-10-28: ok 2022-10-28T06:00:00Z
GFS 2022-10-29: ok 2022-10-29T06:00:00Z
GFS 2022-10-30: ok 2022-10-30T06:00:00Z
GFS 2022-10-31: ok 2022-10-31T06:00:00Z
GFS 2022-11-01: ok 2022-11-01T06:00:00Z
GFS 2022-11-02: ok 2022-11-02T06:00:00Z
GFS 2022-11-03: ok 2022-11-03T06:00:00Z
GFS 2022-11-04: ok 2022-11-04T06:00:00Z
GFS 2022-11-05: ok 2022-11-05T06:00:00Z
GFS 2022-11-06: ok 2022-11-06T06:00:00Z
GFS 2022-11-07: ok 2022-11-07T06:00:00Z
GFS 2022-11-08: ok 2022-11-08T06:00:00Z
GFS 2022-11-09: ok 2022-11-09T06:00:00Z
GFS 2022-11-10: ok 2022-11-10T06:00:00Z
GFS 2022-11-11: ok 2022-11-11T06:00:00Z
GFS 2022-11-12: ok 2022-11-12T06:00:00Z
GFS 2022-11-13: ok 2022-11-13T06:00:00Z
GFS 2022-11-14: ok 2022-11-14T06:00:00Z
GFS 2022-11-15: ok 2022-11-15T06:00:00Z
GFS 2022-11-16: ok 2022-11-16T06:00:00Z
GFS 2022-11-17: ok 2022-11-17T06:00:00Z
GFS 2022-11-18: ok 2022-11-18T06:00:00Z
GFS 2022-11-19: ok 2022-11-19T06:00:00Z
GFS 2022-11-20: ok 2022-11-20T06:00:00Z
GFS 2022-11-21: ok 2022-11-21T06:00:00Z
GFS 2022-11-22: ok 2022-11-22T06:00:00Z
GFS 2022-11-23: ok 2022-11-23T06:00:00Z
GFS 2022-11-24: ok 2022-11-24T06:00:00Z
GFS 2022-11-25: ok 2022-11-25T06:00:00Z
GFS 2022-11-26: ok 2022-11-26T06:00:00Z
GFS 2022-11-27: ok 2022-11-27T06:00:00Z
GFS 2022-11-28: ok 2022-11-28T06:00:00Z
GFS 2022-11-29: ok 2022-11-29T06:00:00Z
GFS 2022-11-30: ok 2022-11-30T06:00:00Z
GFS 2022-12-01: ok 2022-12-01T06:00:00Z
GFS 2022-12-02: ok 2022-12-02T06:00:00Z
GFS 2022-12-03: ok 2022-12-03T06:00:00Z
GFS 2022-12-04: ok 2022-12-04T06:00:00Z
GFS 2022-12-05: ok 2022-12-05T06:00:00Z
GFS 2022-12-06: ok 2022-12-06T06:00:00Z
GFS 2022-12-08: ok 2022-12-08T06:00:00Z
GFS 2022-12-09: ok 2022-12-09T06:00:00Z
GFS 2022-12-10: ok 2022-12-10T06:00:00Z
GFS 2022-12-11: ok 2022-12-11T06:00:00Z
GFS 2022-12-12: ok 2022-12-12T06:00:00Z
GFS 2022-12-13: ok 2022-12-13T06:00:00Z
GFS 2022-12-14: ok 2022-12-14T06:00:00Z
GFS 2022-12-15: ok 2022-12-15T06:00:00Z
GFS 2022-12-16: ok 2022-12-16T06:00:00Z
GFS 2022-12-17: ok 2022-12-17T06:00:00Z
GFS 2022-12-18: ok 2022-12-18T06:00:00Z
GFS 2022-12-19: ok 2022-12-19T06:00:00Z
GFS 2022-12-20: ok 2022-12-20T06:00:00Z
GFS 2022-12-21: ok 2022-12-21T06:00:00Z
GFS 2022-12-22: ok 2022-12-22T06:00:00Z
GFS 2022-12-23: ok 2022-12-23T06:00:00Z
GFS 2022-12-24: ok 2022-12-24T06:00:00Z
GFS 2022-12-25: ok 2022-12-25T06:00:00Z
GFS 2022-12-26: ok 2022-12-26T06:00:00Z
GFS 2022-12-27: ok 2022-12-27T06:00:00Z
GFS 2022-12-28: ok 2022-12-28T06:00:00Z
GFS 2022-12-29: ok 2022-12-29T06:00:00Z
GFS 2022-12-30: ok 2022-12-30T06:00:00Z
GFS 2022-12-31: ok 2022-12-31T06:00:00Z
GFS 2023-01-01: ok 2023-01-01T06:00:00Z
GFS 2023-01-03: ok 2023-01-03T06:00:00Z
GFS 2023-01-04: ok 2023-01-04T06:00:00Z
GFS 2023-01-05: ok 2023-01-05T06:00:00Z
GFS 2023-01-06: ok 2023-01-06T06:00:00Z
GFS 2023-01-07: ok 2023-01-07T06:00:00Z
GFS 2023-01-08: ok 2023-01-08T06:00:00Z
GFS 2023-01-09: ok 2023-01-09T06:00:00Z
GFS 2023-01-10: ok 2023-01-10T06:00:00Z
GFS 2023-01-11: ok 2023-01-11T06:00:00Z
GFS 2023-01-12: ok 2023-01-12T06:00:00Z
GFS 2023-01-13: ok 2023-01-13T06:00:00Z
GFS 2023-01-14: ok 2023-01-14T06:00:00Z
GFS 2023-01-15: ok 2023-01-15T06:00:00Z
GFS 2023-01-16: ok 2023-01-16T06:00:00Z
GFS 2023-01-18: ok 2023-01-18T06:00:00Z
GFS 2023-01-19: ok 2023-01-19T06:00:00Z
GFS 2023-01-20: ok 2023-01-20T06:00:00Z
GFS 2023-01-21: ok 2023-01-21T06:00:00Z
GFS 2023-01-22: ok 2023-01-22T06:00:00Z
GFS 2023-01-23: ok 2023-01-23T06:00:00Z
GFS 2023-01-24: ok 2023-01-24T06:00:00Z
GFS 2023-01-25: ok 2023-01-25T00:00:00Z
GFS 2023-01-26: ok 2023-01-26T00:00:00Z
GFS 2023-01-27: ok 2023-01-27T00:00:00Z
GFS 2023-01-28: ok 2023-01-28T00:00:00Z
GFS 2023-01-29: ok 2023-01-29T00:00:00Z
GFS 2023-01-30: ok 2023-01-30T00:00:00Z
GFS 2023-01-31: ok 2023-01-31T00:00:00Z
GFS 2023-02-01: ok 2023-02-01T00:00:00Z
GFS 2023-02-02: ok 2023-02-02T00:00:00Z
GFS 2023-02-03: ok 2023-02-03T00:00:00Z
GFS 2023-02-04: ok 2023-02-04T00:00:00Z
GFS 2023-02-05: ok 2023-02-05T00:00:00Z
GFS 2023-02-06: ok 2023-02-06T00:00:00Z
GFS 2023-02-07: ok 2023-02-07T00:00:00Z
GFS 2023-02-08: ok 2023-02-08T00:00:00Z
GFS 2023-02-09: ok 2023-02-09T00:00:00Z
GFS 2023-02-10: ok 2023-02-10T00:00:00Z
GFS 2023-02-11: ok 2023-02-11T00:00:00Z
GFS 2023-02-12: ok 2023-02-12T00:00:00Z
GFS 2023-02-13: ok 2023-02-13T00:00:00Z
GFS 2023-02-14: ok 2023-02-14T00:00:00Z
GFS 2023-02-15: ok 2023-02-15T00:00:00Z
GFS 2023-02-16: ok 2023-02-16T00:00:00Z
GFS 2023-02-17: ok 2023-02-17T00:00:00Z
GFS 2023-02-18: ok 2023-02-18T00:00:00Z
GFS 2023-02-19: ok 2023-02-19T00:00:00Z
GFS 2023-02-20: ok 2023-02-20T00:00:00Z
GFS 2023-02-21: ok 2023-02-21T00:00:00Z
GFS 2023-02-22: ok 2023-02-22T00:00:00Z
GFS 2023-02-23: ok 2023-02-22T12:00:00Z
GFS 2023-02-24: ok 2023-02-24T00:00:00Z
GFS 2023-02-25: ok 2023-02-25T00:00:00Z
GFS 2023-02-26: ok 2023-02-26T00:00:00Z
GFS 2023-02-27: ok 2023-02-27T00:00:00Z
GFS 2023-02-28: ok 2023-02-28T00:00:00Z
GFS 2023-03-01: ok 2023-03-01T00:00:00Z
GFS 2023-03-02: ok 2023-03-02T00:00:00Z
GFS 2023-03-03: ok 2023-03-03T00:00:00Z
GFS 2023-03-04: ok 2023-03-04T00:00:00Z
GFS 2023-03-05: ok 2023-03-05T00:00:00Z
GFS 2023-03-06: ok 2023-03-06T00:00:00Z
GFS 2023-03-07: ok 2023-03-07T00:00:00Z
GFS 2023-03-08: ok 2023-03-08T00:00:00Z
GFS 2023-03-09: ok 2023-03-09T00:00:00Z
GFS 2023-03-10: ok 2023-03-10T00:00:00Z
GFS 2023-03-11: ok 2023-03-11T00:00:00Z
GFS 2023-03-12: ok 2023-03-12T00:00:00Z
GFS 2023-03-13: ok 2023-03-13T00:00:00Z
GFS 2023-03-14: ok 2023-03-14T00:00:00Z
GFS 2023-03-15: ok 2023-03-15T00:00:00Z
GFS 2023-03-16: ok 2023-03-16T00:00:00Z
GFS 2023-03-17: ok 2023-03-17T00:00:00Z
GFS 2023-03-18: ok 2023-03-18T00:00:00Z
GFS 2023-03-19: ok 2023-03-19T00:00:00Z
GFS 2023-03-20: ok 2023-03-20T00:00:00Z
GFS 2023-03-21: ok 2023-03-21T00:00:00Z
GFS 2023-03-22: ok 2023-03-22T00:00:00Z
GFS 2023-03-23: ok 2023-03-23T00:00:00Z
GFS 2023-03-24: ok 2023-03-24T00:00:00Z
GFS 2023-03-25: ok 2023-03-25T00:00:00Z
GFS 2023-03-26: ok 2023-03-26T00:00:00Z
GFS 2023-03-27: ok 2023-03-27T00:00:00Z
GFS 2023-03-28: ok 2023-03-28T00:00:00Z
GFS 2023-03-29: ok 2023-03-29T00:00:00Z
GFS 2023-03-30: ok 2023-03-30T00:00:00Z
GFS 2023-03-31: ok 2023-03-31T00:00:00Z
GFS 2023-04-01: ok 2023-04-01T00:00:00Z
GFS 2023-04-02: ok 2023-04-02T00:00:00Z
GFS 2023-04-04: ok 2023-04-04T00:00:00Z
GFS 2023-04-05: ok 2023-04-05T00:00:00Z
GFS 2023-04-06: ok 2023-04-06T00:00:00Z
GFS 2023-04-07: ok 2023-04-07T00:00:00Z
GFS 2023-04-08: ok 2023-04-08T00:00:00Z
GFS 2023-04-09: ok 2023-04-09T00:00:00Z
GFS 2023-04-10: ok 2023-04-10T00:00:00Z
GFS 2023-04-11: ok 2023-04-11T00:00:00Z
GFS 2023-04-12: ok 2023-04-12T00:00:00Z
GFS 2023-04-13: ok 2023-04-13T00:00:00Z
GFS 2023-04-14: ok 2023-04-14T00:00:00Z
GFS 2023-04-15: ok 2023-04-15T00:00:00Z
GFS 2023-04-16: ok 2023-04-16T00:00:00Z
GFS 2023-04-17: ok 2023-04-17T00:00:00Z
GFS 2023-04-18: ok 2023-04-18T00:00:00Z
GFS 2023-04-19: ok 2023-04-19T00:00:00Z
GFS 2023-04-20: ok 2023-04-20T00:00:00Z
GFS 2023-04-21: ok 2023-04-21T00:00:00Z
GFS 2023-04-22: ok 2023-04-22T00:00:00Z
GFS 2023-04-23: ok 2023-04-23T00:00:00Z
GFS 2023-04-24: ok 2023-04-24T00:00:00Z
GFS 2023-04-25: ok 2023-04-25T00:00:00Z
GFS 2023-04-26: ok 2023-04-26T00:00:00Z
GFS 2023-04-27: ok 2023-04-27T00:00:00Z
GFS 2023-04-28: ok 2023-04-28T00:00:00Z
GFS 2023-04-29: ok 2023-04-29T00:00:00Z
GFS 2023-04-30: ok 2023-04-30T00:00:00Z
GFS 2023-05-01: ok 2023-05-01T00:00:00Z
GFS 2023-05-02: ok 2023-05-02T00:00:00Z
GFS 2023-05-03: ok 2023-05-03T00:00:00Z
GFS 2023-05-04: ok 2023-05-04T00:00:00Z
GFS 2023-05-05: ok 2023-05-05T00:00:00Z
GFS 2023-05-06: ok 2023-05-06T00:00:00Z
GFS 2023-05-07: ok 2023-05-07T00:00:00Z
GFS 2023-05-08: ok 2023-05-08T00:00:00Z
GFS 2023-05-09: ok 2023-05-09T00:00:00Z
GFS 2023-05-10: ok 2023-05-10T00:00:00Z
GFS 2023-05-11: ok 2023-05-11T00:00:00Z
GFS 2023-05-12: ok 2023-05-12T00:00:00Z
GFS 2023-05-13: ok 2023-05-13T00:00:00Z
GFS 2023-05-14: ok 2023-05-14T00:00:00Z
GFS 2023-05-15: ok 2023-05-15T00:00:00Z
GFS 2023-05-16: ok 2023-05-16T00:00:00Z
GFS 2023-05-17: ok 2023-05-17T00:00:00Z
GFS 2023-05-18: ok 2023-05-18T00:00:00Z
GFS 2023-05-19: ok 2023-05-19T00:00:00Z
GFS 2023-05-20: ok 2023-05-20T00:00:00Z
GFS 2023-05-21: ok 2023-05-21T00:00:00Z
GFS 2023-05-22: ok 2023-05-22T00:00:00Z
GFS 2023-05-23: ok 2023-05-23T00:00:00Z
GFS 2023-05-24: ok 2023-05-24T00:00:00Z
GFS 2023-05-25: ok 2023-05-25T00:00:00Z
GFS 2023-05-26: ok 2023-05-26T00:00:00Z
GFS 2023-05-27: ok 2023-05-27T00:00:00Z
GFS 2023-05-28: ok 2023-05-28T00:00:00Z
GFS 2023-05-29: ok 2023-05-29T00:00:00Z
GFS 2023-05-30: ok 2023-05-30T00:00:00Z
GFS 2023-05-31: ok 2023-05-31T00:00:00Z
GFS 2023-06-01: ok 2023-06-01T00:00:00Z
GFS 2023-06-02: ok 2023-06-02T00:00:00Z
GFS 2023-06-03: ok 2023-06-03T00:00:00Z
GFS 2023-06-04: ok 2023-06-04T00:00:00Z
GFS 2023-06-05: ok 2023-06-05T00:00:00Z
GFS 2023-06-06: ok 2023-06-06T00:00:00Z
GFS 2023-06-07: ok 2023-06-07T00:00:00Z
GFS 2023-06-08: ok 2023-06-08T00:00:00Z
GFS 2023-06-09: ok 2023-06-09T00:00:00Z
GFS 2023-06-10: ok 2023-06-10T00:00:00Z
GFS 2023-06-11: ok 2023-06-11T00:00:00Z
GFS 2023-06-12: ok 2023-06-12T00:00:00Z
GFS 2023-06-13: ok 2023-06-13T00:00:00Z
GFS 2023-06-14: ok 2023-06-14T00:00:00Z
GFS 2023-06-15: ok 2023-06-15T00:00:00Z
GFS 2023-06-16: ok 2023-06-16T00:00:00Z
GFS 2023-06-17: ok 2023-06-17T00:00:00Z
GFS 2023-06-18: ok 2023-06-18T00:00:00Z
GFS 2023-06-19: ok 2023-06-19T00:00:00Z
GFS 2023-06-20: ok 2023-06-20T00:00:00Z
GFS 2023-06-22: ok 2023-06-22T00:00:00Z
GFS 2023-06-23: ok 2023-06-23T00:00:00Z
GFS 2023-06-24: ok 2023-06-24T00:00:00Z
GFS 2023-06-25: ok 2023-06-25T00:00:00Z
GFS 2023-06-26: ok 2023-06-26T00:00:00Z
GFS 2023-06-27: ok 2023-06-27T00:00:00Z
GFS 2023-06-28: ok 2023-06-28T00:00:00Z
GFS 2023-06-29: ok 2023-06-29T00:00:00Z
GFS 2023-06-30: ok 2023-06-30T00:00:00Z
GFS 2023-07-01: ok 2023-07-01T00:00:00Z
GFS 2023-07-02: ok 2023-07-02T00:00:00Z
GFS 2023-07-03: ok 2023-07-03T00:00:00Z
GFS 2023-07-04: ok 2023-07-04T00:00:00Z
GFS 2023-07-05: ok 2023-07-05T00:00:00Z
GFS 2023-07-06: ok 2023-07-06T00:00:00Z
GFS 2023-07-07: ok 2023-07-07T00:00:00Z
GFS 2023-07-08: ok 2023-07-08T00:00:00Z
GFS 2023-07-09: ok 2023-07-09T00:00:00Z
GFS 2023-07-10: ok 2023-07-10T00:00:00Z
GFS 2023-07-11: ok 2023-07-11T00:00:00Z
GFS 2023-07-12: ok 2023-07-12T00:00:00Z
GFS 2023-07-14: ok 2023-07-14T00:00:00Z
GFS 2023-07-15: ok 2023-07-15T00:00:00Z
GFS 2023-07-16: ok 2023-07-16T00:00:00Z
GFS 2023-07-17: ok 2023-07-17T00:00:00Z
GFS 2023-07-19: ok 2023-07-19T00:00:00Z
GFS 2023-07-20: ok 2023-07-20T00:00:00Z
GFS 2023-07-21: ok 2023-07-21T00:00:00Z
GFS 2023-07-22: ok 2023-07-22T00:00:00Z
GFS 2023-07-23: ok 2023-07-23T00:00:00Z
GFS 2023-07-24: ok 2023-07-24T00:00:00Z
GFS 2023-07-25: ok 2023-07-25T00:00:00Z
GFS 2023-07-26: ok 2023-07-26T00:00:00Z
GFS 2023-07-27: ok 2023-07-27T00:00:00Z
GFS 2023-07-28: ok 2023-07-28T00:00:00Z
GFS 2023-07-29: ok 2023-07-29T00:00:00Z
GFS 2023-07-30: ok 2023-07-30T00:00:00Z
GFS 2023-08-01: ok 2023-08-01T00:00:00Z
GFS 2023-08-02: ok 2023-08-02T00:00:00Z
GFS 2023-08-03: ok 2023-08-03T00:00:00Z
GFS 2023-08-08: ok 2023-08-08T00:00:00Z
GFS 2023-08-15: ok 2023-08-15T00:00:00Z
GFS 2023-08-22: ok 2023-08-22T00:00:00Z
GFS 2023-08-23: ok 2023-08-23T00:00:00Z
GFS 2023-08-24: ok 2023-08-24T00:00:00Z
GFS 2023-08-28: ok 2023-08-28T00:00:00Z
GFS 2023-08-29: ok 2023-08-29T00:00:00Z
GFS 2023-08-30: ok 2023-08-30T00:00:00Z
GFS 2023-08-31: ok 2023-08-31T00:00:00Z
GFS 2023-09-01: ok 2023-09-01T00:00:00Z
GFS 2023-09-02: ok 2023-09-02T00:00:00Z
GFS 2023-09-03: ok 2023-09-03T00:00:00Z
GFS 2023-09-04: ok 2023-09-04T00:00:00Z
GFS 2023-09-05: ok 2023-09-05T00:00:00Z
GFS 2023-09-11: ok 2023-09-11T00:00:00Z
GFS 2023-09-12: ok 2023-09-12T00:00:00Z
GFS 2023-09-13: ok 2023-09-13T00:00:00Z
GFS 2023-09-14: ok 2023-09-14T00:00:00Z
GFS 2023-09-15: ok 2023-09-15T00:00:00Z
GFS 2023-09-16: ok 2023-09-16T00:00:00Z
GFS 2023-09-17: ok 2023-09-17T00:00:00Z
GFS 2023-09-18: ok 2023-09-18T00:00:00Z
GFS 2023-09-19: ok 2023-09-19T00:00:00Z
GFS 2023-09-20: ok 2023-09-20T00:00:00Z
GFS 2023-09-21: ok 2023-09-21T00:00:00Z
GFS 2023-09-22: ok 2023-09-22T00:00:00Z
GFS 2023-09-25: ok 2023-09-25T00:00:00Z
GFS 2023-09-26: ok 2023-09-26T00:00:00Z
GFS 2023-09-27: ok 2023-09-27T00:00:00Z
GFS 2023-09-28: ok 2023-09-28T00:00:00Z
GFS 2023-09-29: ok 2023-09-29T00:00:00Z
GFS 2023-10-01: ok 2023-10-01T00:00:00Z
GFS 2023-10-02: ok 2023-10-02T00:00:00Z
GFS 2023-10-05: ok 2023-10-05T00:00:00Z
GFS 2023-10-06: ok 2023-10-06T00:00:00Z
GFS 2023-10-07: ok 2023-10-07T00:00:00Z
GFS 2023-10-08: ok 2023-10-08T00:00:00Z
GFS 2023-10-09: ok 2023-10-09T00:00:00Z
GFS 2023-10-10: ok 2023-10-10T00:00:00Z
GFS 2023-10-11: ok 2023-10-11T00:00:00Z
GFS 2023-10-12: ok 2023-10-12T00:00:00Z
GFS 2023-10-13: ok 2023-10-13T00:00:00Z
GFS 2023-10-14: ok 2023-10-14T00:00:00Z
GFS 2023-10-15: ok 2023-10-15T00:00:00Z
GFS 2023-10-16: ok 2023-10-16T00:00:00Z
GFS 2023-10-17: ok 2023-10-17T00:00:00Z
GFS 2023-10-18: ok 2023-10-18T00:00:00Z
GFS 2023-10-19: ok 2023-10-19T00:00:00Z
GFS 2023-10-22: ok 2023-10-22T00:00:00Z
GFS 2023-10-23: ok 2023-10-23T00:00:00Z
GFS 2023-10-24: ok 2023-10-24T00:00:00Z
GFS 2023-10-25: ok 2023-10-25T00:00:00Z
GFS 2023-10-26: ok 2023-10-26T00:00:00Z
GFS 2023-10-27: ok 2023-10-27T00:00:00Z
GFS 2023-10-28: ok 2023-10-28T00:00:00Z
GFS 2023-10-29: ok 2023-10-29T00:00:00Z
GFS 2023-10-30: ok 2023-10-30T00:00:00Z
GFS 2023-10-31: ok 2023-10-31T00:00:00Z
GFS 2023-11-01: ok 2023-11-01T00:00:00Z
GFS 2023-11-02: ok 2023-11-02T00:00:00Z
GFS 2023-11-03: ok 2023-11-03T00:00:00Z
GFS 2023-11-04: ok 2023-11-04T00:00:00Z
GFS 2023-11-05: ok 2023-11-05T00:00:00Z
GFS 2023-11-06: ok 2023-11-06T00:00:00Z
GFS 2023-11-07: ok 2023-11-07T00:00:00Z
GFS 2023-11-08: ok 2023-11-08T00:00:00Z
GFS 2023-11-09: ok 2023-11-09T00:00:00Z
GFS 2023-11-10: ok 2023-11-10T00:00:00Z
GFS 2023-11-11: ok 2023-11-11T00:00:00Z
GFS 2023-11-12: ok 2023-11-12T00:00:00Z
GFS 2023-11-13: ok 2023-11-13T00:00:00Z
GFS 2023-11-14: ok 2023-11-14T00:00:00Z
GFS 2023-11-15: ok 2023-11-15T00:00:00Z
GFS 2023-11-16: ok 2023-11-16T00:00:00Z
GFS 2023-11-17: ok 2023-11-17T00:00:00Z
GFS 2023-11-18: ok 2023-11-18T00:00:00Z
GFS 2023-11-19: ok 2023-11-19T00:00:00Z
GFS 2023-11-20: ok 2023-11-20T00:00:00Z
GFS 2023-11-21: ok 2023-11-21T00:00:00Z
GFS 2023-11-22: ok 2023-11-22T00:00:00Z
GFS 2023-11-23: ok 2023-11-23T00:00:00Z
GFS 2023-11-24: ok 2023-11-24T00:00:00Z
GFS 2023-11-25: ok 2023-11-25T00:00:00Z
GFS 2023-11-26: ok 2023-11-26T00:00:00Z
GFS 2023-11-27: ok 2023-11-27T00:00:00Z
GFS 2023-11-28: ok 2023-11-28T00:00:00Z
GFS 2023-11-29: ok 2023-11-29T00:00:00Z
GFS 2023-11-30: ok 2023-11-30T00:00:00Z
GFS 2023-12-01: ok 2023-12-01T00:00:00Z
GFS 2023-12-02: ok 2023-12-02T00:00:00Z
GFS 2023-12-03: ok 2023-12-03T00:00:00Z
GFS 2023-12-04: ok 2023-12-04T00:00:00Z
GFS 2023-12-05: ok 2023-12-05T00:00:00Z
GFS 2023-12-06: ok 2023-12-06T00:00:00Z
GFS 2023-12-07: ok 2023-12-07T00:00:00Z
GFS 2023-12-08: ok 2023-12-08T00:00:00Z
GFS 2023-12-09: ok 2023-12-09T00:00:00Z
GFS 2023-12-10: ok 2023-12-10T00:00:00Z
GFS 2023-12-11: ok 2023-12-11T00:00:00Z
GFS 2023-12-12: ok 2023-12-12T00:00:00Z
GFS 2023-12-13: ok 2023-12-13T00:00:00Z
GFS 2023-12-14: ok 2023-12-14T00:00:00Z
GFS 2023-12-15: ok 2023-12-15T00:00:00Z
GFS 2023-12-16: ok 2023-12-16T00:00:00Z
GFS 2023-12-17: ok 2023-12-17T00:00:00Z
GFS 2023-12-18: ok 2023-12-18T00:00:00Z
GFS 2023-12-19: ok 2023-12-19T00:00:00Z
GFS 2023-12-20: ok 2023-12-20T00:00:00Z
GFS 2023-12-21: ok 2023-12-21T00:00:00Z
GFS 2023-12-22: ok 2023-12-22T00:00:00Z
GFS 2023-12-23: ok 2023-12-23T00:00:00Z
GFS 2023-12-24: ok 2023-12-24T00:00:00Z
GFS 2023-12-25: ok 2023-12-25T00:00:00Z
GFS 2023-12-26: ok 2023-12-26T00:00:00Z
GFS 2023-12-27: ok 2023-12-27T00:00:00Z
GFS 2023-12-28: ok 2023-12-28T00:00:00Z
GFS 2023-12-29: ok 2023-12-29T00:00:00Z
GFS 2023-12-30: ok 2023-12-30T00:00:00Z
GFS 2023-12-31: ok 2023-12-31T00:00:00Z
GFS 2024-01-01: ok 2024-01-01T00:00:00Z
GFS 2024-01-02: ok 2024-01-02T00:00:00Z
GFS 2024-01-03: ok 2024-01-03T00:00:00Z
GFS 2024-01-04: ok 2024-01-04T00:00:00Z
GFS 2024-01-05: ok 2024-01-05T00:00:00Z
GFS 2024-01-06: ok 2024-01-06T00:00:00Z
GFS 2024-01-07: ok 2024-01-07T00:00:00Z
GFS 2024-01-08: ok 2024-01-08T00:00:00Z
GFS 2024-01-09: ok 2024-01-09T00:00:00Z
GFS 2024-01-10: ok 2024-01-10T00:00:00Z
GFS 2024-01-11: ok 2024-01-11T00:00:00Z
GFS 2024-01-12: ok 2024-01-12T00:00:00Z
GFS 2024-01-13: ok 2024-01-13T00:00:00Z
GFS 2024-01-14: ok 2024-01-14T00:00:00Z
GFS 2024-01-15: ok 2024-01-15T00:00:00Z
GFS 2024-01-16: ok 2024-01-16T00:00:00Z
GFS 2024-01-17: ok 2024-01-17T00:00:00Z
GFS 2024-01-18: ok 2024-01-18T00:00:00Z
GFS 2024-01-19: ok 2024-01-19T00:00:00Z
GFS 2024-01-20: ok 2024-01-20T00:00:00Z
GFS 2024-01-21: ok 2024-01-21T00:00:00Z
GFS 2024-01-22: ok 2024-01-22T00:00:00Z
GFS 2024-01-23: ok 2024-01-23T00:00:00Z
GFS 2024-01-24: ok 2024-01-24T00:00:00Z
GFS 2024-01-25: ok 2024-01-25T00:00:00Z
GFS 2024-01-26: ok 2024-01-26T00:00:00Z
GFS 2024-01-27: ok 2024-01-27T00:00:00Z
GFS 2024-01-28: ok 2024-01-28T00:00:00Z
GFS 2024-01-29: ok 2024-01-29T00:00:00Z
GFS 2024-01-30: ok 2024-01-30T00:00:00Z
GFS 2024-01-31: ok 2024-01-31T00:00:00Z
GFS 2024-02-01: ok 2024-02-01T00:00:00Z
GFS 2024-02-02: ok 2024-02-02T00:00:00Z
GFS 2024-02-03: ok 2024-02-03T00:00:00Z
GFS 2024-02-04: ok 2024-02-04T00:00:00Z
GFS 2024-02-05: ok 2024-02-05T00:00:00Z
GFS 2024-02-06: ok 2024-02-06T00:00:00Z
GFS 2024-02-07: ok 2024-02-07T00:00:00Z
GFS 2024-02-08: ok 2024-02-08T00:00:00Z
GFS 2024-02-09: ok 2024-02-09T00:00:00Z
GFS 2024-02-10: ok 2024-02-10T00:00:00Z
GFS 2024-02-11: ok 2024-02-11T00:00:00Z
GFS 2024-02-12: ok 2024-02-12T00:00:00Z
GFS 2024-02-13: ok 2024-02-13T00:00:00Z
GFS 2024-02-14: ok 2024-02-14T00:00:00Z
GFS 2024-02-15: ok 2024-02-15T00:00:00Z
GFS 2024-02-16: ok 2024-02-16T00:00:00Z
GFS 2024-02-17: ok 2024-02-17T00:00:00Z
GFS 2024-02-18: ok 2024-02-18T00:00:00Z
GFS 2024-02-19: ok 2024-02-19T00:00:00Z
GFS 2024-02-20: ok 2024-02-20T00:00:00Z
GFS 2024-02-21: ok 2024-02-21T00:00:00Z
GFS 2024-02-22: ok 2024-02-22T00:00:00Z
GFS 2024-02-23: ok 2024-02-23T00:00:00Z
GFS 2024-02-24: ok 2024-02-24T00:00:00Z
GFS 2024-02-25: ok 2024-02-25T00:00:00Z
GFS 2024-02-26: ok 2024-02-26T00:00:00Z
GFS 2024-02-27: ok 2024-02-27T00:00:00Z
GFS 2024-02-28: ok 2024-02-28T00:00:00Z
GFS 2024-02-29: ok 2024-02-29T00:00:00Z
GFS 2024-03-01: ok 2024-03-01T00:00:00Z
GFS 2024-03-02: ok 2024-03-02T00:00:00Z
GFS 2024-03-03: ok 2024-03-03T00:00:00Z
GFS 2024-03-04: ok 2024-03-04T00:00:00Z
GFS 2024-03-05: ok 2024-03-05T00:00:00Z
GFS 2024-03-06: ok 2024-03-06T00:00:00Z
GFS 2024-03-07: ok 2024-03-07T00:00:00Z
GFS 2024-03-08: ok 2024-03-08T00:00:00Z
GFS 2024-03-09: ok 2024-03-09T00:00:00Z
GFS 2024-03-10: ok 2024-03-10T00:00:00Z
GFS 2024-03-11: ok 2024-03-11T00:00:00Z
GFS 2024-03-12: ok 2024-03-12T00:00:00Z
GFS 2024-03-13: ok 2024-03-13T00:00:00Z
GFS 2024-03-14: ok 2024-03-14T00:00:00Z
GFS 2024-03-15: ok 2024-03-15T00:00:00Z
GFS 2024-03-16: ok 2024-03-16T00:00:00Z
GFS 2024-03-17: ok 2024-03-17T00:00:00Z
GFS 2024-03-18: ok 2024-03-18T00:00:00Z
GFS 2024-03-19: ok 2024-03-19T00:00:00Z
GFS 2024-03-20: ok 2024-03-20T00:00:00Z
GFS 2024-03-21: ok 2024-03-21T00:00:00Z
GFS 2024-03-22: ok 2024-03-22T00:00:00Z
GFS 2024-03-23: ok 2024-03-23T00:00:00Z
GFS 2024-03-24: ok 2024-03-24T00:00:00Z
GFS 2024-03-25: ok 2024-03-25T00:00:00Z
GFS 2024-03-26: ok 2024-03-26T00:00:00Z
GFS 2024-03-27: ok 2024-03-27T00:00:00Z
GFS 2024-03-28: ok 2024-03-28T00:00:00Z
GFS 2024-03-29: ok 2024-03-29T00:00:00Z
GFS 2024-03-30: ok 2024-03-30T00:00:00Z
GFS 2024-03-31: ok 2024-03-31T00:00:00Z
GFS 2024-04-01: ok 2024-04-01T00:00:00Z
GFS 2024-04-02: ok 2024-04-02T00:00:00Z
GFS 2024-04-03: ok 2024-04-03T00:00:00Z
GFS 2024-04-04: ok 2024-04-04T00:00:00Z
GFS 2024-04-05: ok 2024-04-05T00:00:00Z
GFS 2024-04-06: ok 2024-04-06T00:00:00Z
GFS 2024-04-07: ok 2024-04-07T00:00:00Z
GFS 2024-04-08: ok 2024-04-08T00:00:00Z
GFS 2024-04-09: ok 2024-04-09T00:00:00Z
GFS 2024-04-10: ok 2024-04-10T00:00:00Z
GFS 2024-04-11: ok 2024-04-11T00:00:00Z
GFS 2024-04-12: ok 2024-04-12T00:00:00Z
GFS 2024-04-13: ok 2024-04-13T00:00:00Z
GFS 2024-04-14: ok 2024-04-14T00:00:00Z
GFS 2024-04-15: ok 2024-04-15T00:00:00Z
GFS 2024-04-16: ok 2024-04-16T00:00:00Z
GFS 2024-04-17: ok 2024-04-17T00:00:00Z
GFS 2024-04-18: ok 2024-04-18T00:00:00Z
GFS 2024-04-19: ok 2024-04-19T00:00:00Z
GFS 2024-04-20: ok 2024-04-20T00:00:00Z
GFS 2024-04-21: ok 2024-04-21T00:00:00Z
GFS 2024-04-22: ok 2024-04-22T00:00:00Z
GFS 2024-04-23: ok 2024-04-23T00:00:00Z
GFS 2024-04-24: ok 2024-04-24T00:00:00Z
GFS 2024-04-25: ok 2024-04-25T00:00:00Z
GFS 2024-04-26: ok 2024-04-26T00:00:00Z
GFS 2024-04-27: ok 2024-04-27T00:00:00Z
GFS 2024-04-28: ok 2024-04-28T00:00:00Z
GFS 2024-04-29: ok 2024-04-29T00:00:00Z
GFS 2024-04-30: ok 2024-04-30T00:00:00Z
GFS 2024-05-01: ok 2024-05-01T00:00:00Z
GFS 2024-05-02: ok 2024-05-02T00:00:00Z
GFS 2024-05-03: ok 2024-05-03T00:00:00Z
GFS 2024-05-04: ok 2024-05-04T00:00:00Z
GFS 2024-05-05: ok 2024-05-05T00:00:00Z
GFS 2024-05-06: ok 2024-05-06T00:00:00Z
GFS 2024-05-07: ok 2024-05-07T00:00:00Z
GFS 2024-05-08: ok 2024-05-08T00:00:00Z
GFS 2024-05-09: ok 2024-05-09T00:00:00Z
GFS 2024-05-10: ok 2024-05-10T00:00:00Z
GFS 2024-05-11: ok 2024-05-11T00:00:00Z
GFS 2024-05-12: ok 2024-05-12T00:00:00Z
GFS 2024-05-13: ok 2024-05-13T00:00:00Z
GFS 2024-05-14: ok 2024-05-14T00:00:00Z
GFS 2024-05-15: ok 2024-05-15T00:00:00Z
GFS 2024-05-16: ok 2024-05-16T00:00:00Z
GFS 2024-05-17: ok 2024-05-17T00:00:00Z
GFS 2024-05-18: ok 2024-05-18T00:00:00Z
GFS 2024-05-19: ok 2024-05-19T00:00:00Z
GFS 2024-05-20: ok 2024-05-20T00:00:00Z
GFS 2024-05-21: ok 2024-05-21T00:00:00Z
GFS 2024-05-22: ok 2024-05-22T00:00:00Z
GFS 2024-05-23: ok 2024-05-23T00:00:00Z
GFS 2024-05-24: ok 2024-05-24T00:00:00Z
GFS 2024-05-25: ok 2024-05-25T00:00:00Z
GFS 2024-05-26: ok 2024-05-26T00:00:00Z
GFS 2024-05-27: ok 2024-05-27T00:00:00Z
GFS 2024-05-28: ok 2024-05-28T00:00:00Z
GFS 2024-05-29: ok 2024-05-29T00:00:00Z
GFS 2024-05-30: ok 2024-05-30T00:00:00Z
GFS 2024-05-31: ok 2024-05-31T00:00:00Z
GFS 2024-06-01: ok 2024-06-01T00:00:00Z
GFS 2024-06-02: ok 2024-06-02T00:00:00Z
GFS 2024-06-03: ok 2024-06-03T00:00:00Z
GFS 2021-01-01 (_t3_12z): ok
GFS 2021-01-02 (_t3_12z): ok
GFS 2021-01-03 (_t3_12z): ok
GFS 2021-01-04 (_t3_12z): ok
GFS 2021-01-05 (_t3_12z): ok
GFS 2021-01-06 (_t3_12z): ok
GFS 2021-01-07 (_t3_12z): ok
GFS 2021-01-08 (_t3_12z): ok
GFS 2021-01-09 (_t3_12z): ok
GFS 2021-01-10 (_t3_12z): ok
GFS 2021-01-11 (_t3_12z): ok
GFS 2021-01-12 (_t3_12z): ok
GFS 2021-01-13 (_t3_12z): ok
GFS 2021-01-14 (_t3_12z): ok
GFS 2021-01-15 (_t3_12z): ok
GFS 2021-01-16 (_t3_12z): ok
GFS 2021-01-17 (_t3_12z): ok
GFS 2021-01-18 (_t3_12z): ok
GFS 2021-01-19 (_t3_12z): ok
GFS 2021-01-20 (_t3_12z): ok
GFS 2021-01-21 (_t3_12z): ok
GFS 2021-01-22 (_t3_12z): ok
GFS 2021-01-23 (_t3_12z): ok
GFS 2021-01-24 (_t3_12z): ok
GFS 2021-01-25 (_t3_12z): ok
GFS 2021-01-26 (_t3_12z): ok
GFS 2021-01-27 (_t3_12z): ok
GFS 2021-01-28 (_t3_12z): ok
GFS 2021-01-29 (_t3_12z): ok
GFS 2021-01-30 (_t3_12z): ok
GFS 2021-01-31 (_t3_12z): ok
GFS 2021-02-01 (_t3_12z): ok
GFS 2021-02-02 (_t3_12z): ok
GFS 2021-02-03 (_t3_12z): ok
GFS 2021-02-05 (_t3_12z): ok
GFS 2021-02-06 (_t3_12z): ok
GFS 2021-02-07 (_t3_12z): ok
GFS 2021-02-08 (_t3_12z): ok
GFS 2021-02-09 (_t3_12z): ok
GFS 2021-02-10 (_t3_12z): ok
GFS 2021-02-11 (_t3_12z): ok
GFS 2021-02-12 (_t3_12z): ok
GFS 2021-02-13 (_t3_12z): ok
GFS 2021-02-14 (_t3_12z): ok
GFS 2021-02-15 (_t3_12z): ok
GFS 2021-02-16 (_t3_12z): ok
GFS 2021-02-17 (_t3_12z): ok
GFS 2021-02-18 (_t3_12z): ok
GFS 2021-02-19 (_t3_12z): ok
GFS 2021-02-20 (_t3_12z): ok
GFS 2021-02-21 (_t3_12z): ok
GFS 2021-02-22 (_t3_12z): ok
GFS 2021-02-23 (_t3_12z): ok
GFS 2021-02-24 (_t3_12z): ok
GFS 2021-02-25 (_t3_12z): ok
GFS 2021-02-26 (_t3_12z): ok
GFS 2021-02-27 (_t3_12z): ok
GFS 2021-02-28 (_t3_12z): ok
GFS 2021-03-01 (_t3_12z): ok
GFS 2021-03-02 (_t3_12z): ok
GFS 2021-03-03 (_t3_12z): ok
GFS 2021-03-04 (_t3_12z): ok
GFS 2021-03-05 (_t3_12z): ok
GFS 2021-03-06 (_t3_12z): ok
GFS 2021-03-07 (_t3_12z): ok
GFS 2021-03-08 (_t3_12z): ok
GFS 2021-03-09 (_t3_12z): ok
GFS 2021-03-10 (_t3_12z): ok
GFS 2021-03-11 (_t3_12z): ok
GFS 2021-03-12 (_t3_12z): ok
GFS 2021-03-13 (_t3_12z): ok
GFS 2021-03-14 (_t3_12z): ok
GFS 2021-03-15 (_t3_12z): ok
GFS 2021-03-16 (_t3_12z): ok
GFS 2021-03-17 (_t3_12z): ok
GFS 2021-03-18 (_t3_12z): ok
GFS 2021-03-19 (_t3_12z): ok
GFS 2021-03-20 (_t3_12z): ok
GFS 2021-03-21 (_t3_12z): ok
GFS 2021-03-22 (_t3_12z): ok
GFS 2021-03-23 (_t3_12z): ok
GFS 2021-03-24 (_t3_12z): ok
GFS 2021-03-25 (_t3_12z): ok
GFS 2021-03-26 (_t3_12z): ok
GFS 2021-03-27 (_t3_12z): ok
GFS 2021-03-28 (_t3_12z): ok
GFS 2021-03-29 (_t3_12z): ok
GFS 2021-03-30 (_t3_12z): ok
GFS 2021-03-31 (_t3_12z): ok
GFS 2021-04-01 (_t3_12z): ok
GFS 2021-04-02 (_t3_12z): ok
GFS 2021-04-03 (_t3_12z): ok
GFS 2021-04-04 (_t3_12z): ok
GFS 2021-04-05 (_t3_12z): ok
GFS 2021-04-06 (_t3_12z): ok
GFS 2021-04-07 (_t3_12z): ok
GFS 2021-04-08 (_t3_12z): ok
GFS 2021-04-09 (_t3_12z): ok
GFS 2021-04-10 (_t3_12z): ok
GFS 2021-04-11 (_t3_12z): ok
GFS 2021-04-12 (_t3_12z): ok
GFS 2021-04-13 (_t3_12z): ok
GFS 2021-04-14 (_t3_12z): ok
GFS 2021-04-15 (_t3_12z): ok
GFS 2021-04-16 (_t3_12z): ok
GFS 2021-04-17 (_t3_12z): ok
GFS 2021-04-18 (_t3_12z): ok
GFS 2021-04-19 (_t3_12z): ok
GFS 2021-04-20 (_t3_12z): ok
GFS 2021-04-21 (_t3_12z): ok
GFS 2021-04-22 (_t3_12z): ok
GFS 2021-04-23 (_t3_12z): ok
GFS 2021-04-24 (_t3_12z): ok
GFS 2021-04-25 (_t3_12z): ok
GFS 2021-04-26 (_t3_12z): ok
GFS 2021-04-27 (_t3_12z): ok
GFS 2021-04-28 (_t3_12z): ok
GFS 2021-04-29 (_t3_12z): ok
GFS 2021-04-30 (_t3_12z): ok
GFS 2021-05-01 (_t3_12z): ok
GFS 2021-05-02 (_t3_12z): ok
GFS 2021-05-03 (_t3_12z): ok
GFS 2021-05-04 (_t3_12z): ok
GFS 2021-05-05 (_t3_12z): ok
GFS 2021-05-06 (_t3_12z): ok
GFS 2021-05-07 (_t3_12z): ok
GFS 2021-05-08 (_t3_12z): ok
GFS 2021-05-09 (_t3_12z): ok
GFS 2021-05-10 (_t3_12z): ok
GFS 2021-05-11 (_t3_12z): ok
GFS 2021-05-12 (_t3_12z): ok
GFS 2021-05-13 (_t3_12z): ok
GFS 2021-05-14 (_t3_12z): ok
GFS 2021-05-15 (_t3_12z): ok
GFS 2021-05-16 (_t3_12z): ok
GFS 2021-05-17 (_t3_12z): ok
GFS 2021-05-18 (_t3_12z): ok
GFS 2021-05-19 (_t3_12z): ok
GFS 2021-05-20 (_t3_12z): ok
GFS 2021-05-21 (_t3_12z): ok
GFS 2021-05-22 (_t3_12z): ok
GFS 2021-05-23 (_t3_12z): ok
GFS 2021-05-24 (_t3_12z): ok
GFS 2021-05-25 (_t3_12z): ok
GFS 2021-05-26 (_t3_12z): ok
GFS 2021-05-27 (_t3_12z): ok
GFS 2021-05-28 (_t3_12z): ok
GFS 2021-05-29 (_t3_12z): ok
GFS 2021-05-30 (_t3_12z): ok
GFS 2021-05-31 (_t3_12z): ok
GFS 2021-06-01 (_t3_12z): ok
GFS 2021-06-02 (_t3_12z): ok
GFS 2021-06-03 (_t3_12z): ok
GFS 2021-06-04 (_t3_12z): ok
GFS 2021-06-05 (_t3_12z): ok
GFS 2021-06-06 (_t3_12z): ok
GFS 2021-06-07 (_t3_12z): ok
GFS 2021-06-08 (_t3_12z): ok
GFS 2021-06-09 (_t3_12z): ok
GFS 2021-06-10 (_t3_12z): ok
GFS 2021-06-11 (_t3_12z): ok
GFS 2021-06-12 (_t3_12z): ok
GFS 2021-06-13 (_t3_12z): ok
GFS 2021-06-14 (_t3_12z): ok
GFS 2021-06-15 (_t3_12z): ok
GFS 2021-06-16 (_t3_12z): ok
GFS 2021-06-17 (_t3_12z): ok
GFS 2021-06-18 (_t3_12z): ok
GFS 2021-06-19 (_t3_12z): ok
GFS 2021-06-20 (_t3_12z): ok
GFS 2021-06-21 (_t3_12z): ok
GFS 2021-06-22 (_t3_12z): ok
GFS 2021-06-23 (_t3_12z): ok
GFS 2021-06-24 (_t3_12z): ok
GFS 2021-06-25 (_t3_12z): ok
GFS 2021-06-26 (_t3_12z): ok
GFS 2021-06-27 (_t3_12z): ok
GFS 2021-06-28 (_t3_12z): ok
GFS 2021-06-29 (_t3_12z): ok
GFS 2021-06-30 (_t3_12z): ok
GFS 2021-07-01 (_t3_12z): ok
GFS 2021-07-02 (_t3_12z): ok
GFS 2021-07-03 (_t3_12z): ok
GFS 2021-07-04 (_t3_12z): ok
GFS 2021-07-05 (_t3_12z): ok
GFS 2021-07-06 (_t3_12z): ok
GFS 2021-07-07 (_t3_12z): ok
GFS 2021-07-08 (_t3_12z): ok
GFS 2021-07-09 (_t3_12z): ok
GFS 2021-07-10 (_t3_12z): ok
GFS 2021-07-11 (_t3_12z): ok
GFS 2021-07-12 (_t3_12z): ok
GFS 2021-07-13 (_t3_12z): ok
GFS 2021-07-14 (_t3_12z): ok
GFS 2021-07-15 (_t3_12z): ok
GFS 2021-07-16 (_t3_12z): ok
GFS 2021-07-17 (_t3_12z): ok
GFS 2021-07-18 (_t3_12z): ok
GFS 2021-07-19 (_t3_12z): ok
GFS 2021-07-20 (_t3_12z): ok
GFS 2021-07-21 (_t3_12z): ok
GFS 2021-07-22 (_t3_12z): ok
GFS 2021-07-23 (_t3_12z): ok
GFS 2021-07-24 (_t3_12z): ok
GFS 2021-07-25 (_t3_12z): ok
GFS 2021-07-26 (_t3_12z): ok
GFS 2021-07-27 (_t3_12z): ok
GFS 2021-07-28 (_t3_12z): ok
GFS 2021-07-29 (_t3_12z): ok
GFS 2021-07-30 (_t3_12z): ok
GFS 2021-07-31 (_t3_12z): ok
GFS 2021-08-01 (_t3_12z): ok
GFS 2021-08-02 (_t3_12z): ok
GFS 2021-08-03 (_t3_12z): ok
GFS 2021-08-04 (_t3_12z): ok
GFS 2021-08-05 (_t3_12z): ok
GFS 2021-08-06 (_t3_12z): ok
GFS 2021-08-07 (_t3_12z): ok
GFS 2021-08-08 (_t3_12z): ok
GFS 2021-08-09 (_t3_12z): ok
GFS 2021-08-10 (_t3_12z): ok
GFS 2021-08-11 (_t3_12z): ok
GFS 2021-08-12 (_t3_12z): ok
GFS 2021-08-13 (_t3_12z): ok
GFS 2021-08-14 (_t3_12z): ok
GFS 2021-08-15 (_t3_12z): ok
GFS 2021-08-16 (_t3_12z): ok
GFS 2021-08-17 (_t3_12z): ok
GFS 2021-08-18 (_t3_12z): ok
GFS 2021-08-19 (_t3_12z): ok
GFS 2021-08-20 (_t3_12z): ok
GFS 2021-08-21 (_t3_12z): ok
GFS 2021-08-22 (_t3_12z): ok
GFS 2021-08-23 (_t3_12z): ok
GFS 2021-08-24 (_t3_12z): ok
GFS 2021-08-25 (_t3_12z): ok
GFS 2021-08-26 (_t3_12z): ok
GFS 2021-08-27 (_t3_12z): ok
GFS 2021-08-28 (_t3_12z): ok
GFS 2021-08-29 (_t3_12z): ok
GFS 2021-08-30 (_t3_12z): ok
GFS 2021-08-31 (_t3_12z): ok
GFS 2021-09-01 (_t3_12z): ok
GFS 2021-09-02 (_t3_12z): ok
GFS 2021-09-03 (_t3_12z): ok
GFS 2021-09-04 (_t3_12z): ok
GFS 2021-09-05 (_t3_12z): ok
GFS 2021-09-06 (_t3_12z): ok
GFS 2021-09-07 (_t3_12z): ok
GFS 2021-09-08 (_t3_12z): ok
GFS 2021-09-09 (_t3_12z): ok
GFS 2021-09-10 (_t3_12z): ok
GFS 2021-09-11 (_t3_12z): ok
GFS 2021-09-12 (_t3_12z): ok
GFS 2021-09-13 (_t3_12z): ok
GFS 2021-09-14 (_t3_12z): ok
GFS 2021-09-15 (_t3_12z): ok
GFS 2021-09-16 (_t3_12z): ok
GFS 2021-09-17 (_t3_12z): ok
GFS 2021-09-18 (_t3_12z): ok
GFS 2021-09-19 (_t3_12z): ok
GFS 2021-09-20 (_t3_12z): ok
GFS 2021-09-21 (_t3_12z): ok
GFS 2021-09-22 (_t3_12z): ok
GFS 2021-09-23 (_t3_12z): ok
GFS 2021-09-24 (_t3_12z): ok
GFS 2021-09-25 (_t3_12z): ok
GFS 2021-09-26 (_t3_12z): ok
GFS 2021-09-27 (_t3_12z): ok
GFS 2021-09-28 (_t3_12z): ok
GFS 2021-09-29 (_t3_12z): ok
GFS 2021-09-30 (_t3_12z): ok
GFS 2021-10-01 (_t3_12z): ok
GFS 2021-10-02 (_t3_12z): ok
GFS 2021-10-03 (_t3_12z): ok
GFS 2021-10-04 (_t3_12z): ok
GFS 2021-10-05 (_t3_12z): ok
GFS 2021-10-06 (_t3_12z): ok
GFS 2021-10-07 (_t3_12z): ok
GFS 2021-10-08 (_t3_12z): ok
GFS 2021-10-09 (_t3_12z): ok
GFS 2021-10-10 (_t3_12z): ok
GFS 2021-10-11 (_t3_12z): ok
GFS 2021-10-12 (_t3_12z): ok
GFS 2021-10-13 (_t3_12z): ok
GFS 2021-10-14 (_t3_12z): ok
GFS 2021-10-15 (_t3_12z): ok
GFS 2021-10-16 (_t3_12z): ok
GFS 2021-10-17 (_t3_12z): ok
GFS 2021-10-18 (_t3_12z): ok
GFS 2021-10-19 (_t3_12z): ok
GFS 2021-10-20 (_t3_12z): ok
GFS 2021-10-21 (_t3_12z): ok
GFS 2021-10-22 (_t3_12z): ok
GFS 2021-10-23 (_t3_12z): ok
GFS 2021-10-24 (_t3_12z): ok
GFS 2021-10-25 (_t3_12z): ok
GFS 2021-10-26 (_t3_12z): ok
GFS 2021-10-27 (_t3_12z): ok
GFS 2021-10-28 (_t3_12z): ok
GFS 2021-10-29 (_t3_12z): ok
GFS 2021-10-30 (_t3_12z): ok
GFS 2021-10-31 (_t3_12z): ok
GFS 2021-11-01 (_t3_12z): ok
GFS 2021-11-02 (_t3_12z): ok
GFS 2021-11-03 (_t3_12z): ok
GFS 2021-11-04 (_t3_12z): ok
GFS 2021-11-05 (_t3_12z): ok
GFS 2021-11-06 (_t3_12z): ok
GFS 2021-11-07 (_t3_12z): ok
GFS 2021-11-08 (_t3_12z): ok
GFS 2021-11-09 (_t3_12z): ok
GFS 2021-11-10 (_t3_12z): ok
GFS 2021-11-11 (_t3_12z): ok
GFS 2021-11-12 (_t3_12z): ok
GFS 2021-11-13 (_t3_12z): ok
GFS 2021-11-14 (_t3_12z): ok
GFS 2021-11-15 (_t3_12z): ok
GFS 2021-11-16 (_t3_12z): ok
GFS 2021-11-17 (_t3_12z): ok
GFS 2021-11-18 (_t3_12z): ok
GFS 2021-11-19 (_t3_12z): ok
GFS 2021-11-20 (_t3_12z): ok
GFS 2021-11-21 (_t3_12z): ok
GFS 2021-11-22 (_t3_12z): ok
GFS 2021-11-23 (_t3_12z): ok
GFS 2021-11-24 (_t3_12z): ok
GFS 2021-11-25 (_t3_12z): ok
GFS 2021-11-26 (_t3_12z): ok
GFS 2021-11-27 (_t3_12z): ok
GFS 2021-11-28 (_t3_12z): ok
GFS 2021-11-29 (_t3_12z): ok
GFS 2021-11-30 (_t3_12z): ok
GFS 2021-12-01 (_t3_12z): ok
GFS 2021-12-02 (_t3_12z): ok
GFS 2021-12-03 (_t3_12z): ok
GFS 2021-12-04 (_t3_12z): ok
GFS 2021-12-05 (_t3_12z): ok
GFS 2021-12-06 (_t3_12z): ok
GFS 2021-12-07 (_t3_12z): ok
GFS 2021-12-08 (_t3_12z): ok
GFS 2021-12-09 (_t3_12z): ok
GFS 2021-12-11 (_t3_12z): ok
GFS 2021-12-12 (_t3_12z): ok
GFS 2021-12-13 (_t3_12z): ok
Traceback (most recent call last):
  File "/Users/oscaro/Desktop/MCP_Project/scripts/build_ngboost_features.py", line 136, in <module>
    main()
    ~~~~^^
  File "/Users/oscaro/Desktop/MCP_Project/scripts/build_ngboost_features.py", line 103, in main
    features = build_feature_table(
        city,
    ...<4 lines>...
        fetch_gfs=True,
    )
  File "/Users/oscaro/Desktop/MCP_Project/src/trackj/build_ngboost_features.py", line 582, in build_feature_table
    gfs_12z_df = build_gfs_features_custom(
        dates,
    ...<5 lines>...
        cache_suffix="_t3_12z",
    )
  File "/Users/oscaro/Desktop/MCP_Project/src/trackj/fetch_gfs_herbie.py", line 531, in build_gfs_features_custom
    features, audit = fetch_fn(
                      ~~~~~~~~^
        target_date,
        ^^^^^^^^^^^^
    ...<2 lines>...
        city_config=city_config,
        ^^^^^^^^^^^^^^^^^^^^^^^^
    )
    ^
  File "/Users/oscaro/Desktop/MCP_Project/src/trackj/fetch_gfs_herbie.py", line 390, in fetch_gfs_12z_nowcast
    return fetch_gfs_for_candidates(
        target_date,
    ...<5 lines>...
        cache_suffix="_t3_12z",
    )
  File "/Users/oscaro/Desktop/MCP_Project/src/trackj/fetch_gfs_herbie.py", line 298, in fetch_gfs_for_candidates
    row = pd.read_csv(path).iloc[0].to_dict()
          ~~~~~~~~~~~^^^^^^
  File "/Users/oscaro/Desktop/MCP_Project/.venv/lib/python3.13/site-packages/pandas/io/parsers/readers.py", line 873, in read_csv
    return _read(filepath_or_buffer, kwds)
  File "/Users/oscaro/Desktop/MCP_Project/.venv/lib/python3.13/site-packages/pandas/io/parsers/readers.py", line 300, in _read
    parser = TextFileReader(filepath_or_buffer, **kwds)
  File "/Users/oscaro/Desktop/MCP_Project/.venv/lib/python3.13/site-packages/pandas/io/parsers/readers.py", line 1645, in __init__
    self._engine = self._make_engine(f, self.engine)
                   ~~~~~~~~~~~~~~~~~^^^^^^^^^^^^^^^^
  File "/Users/oscaro/Desktop/MCP_Project/.venv/lib/python3.13/site-packages/pandas/io/parsers/readers.py", line 1922, in _make_engine
    return mapping[engine](f, **self.options)
           ~~~~~~~~~~~~~~~^^^^^^^^^^^^^^^^^^^
  File "/Users/oscaro/Desktop/MCP_Project/.venv/lib/python3.13/site-packages/pandas/io/parsers/c_parser_wrapper.py", line 95, in __init__
    self._reader = parsers.TextReader(src, **kwds)
                   ~~~~~~~~~~~~~~~~~~^^^^^^^^^^^^^
  File "pandas/_libs/parsers.pyx", line 575, in pandas._libs.parsers.TextReader.__cinit__
pandas.errors.EmptyDataError: No columns to parse from file
